myHadoop: Setting MH_IPOIB_TRANSFORM='s/\([^.]*\).*$/\1.ibnet/' from myhadoop.conf
myHadoop: Setting MH_SCRATCH_DIR=/scratch/$USER/$SLURM_JOBID from myhadoop.conf
myHadoop: Using HADOOP_HOME=/opt/hadoop/2.6.0
myHadoop: Using MH_SCRATCH_DIR=/scratch/cxb8014/32509300
myHadoop: Using JAVA_HOME=/lib/jvm/java
myHadoop: Generating Hadoop configuration in directory in /home/cxb8014/cometcluster...
myHadoop: Backing up old config dir to /home/cxb8014/cometcluster.7...
‘/home/cxb8014/cometcluster’ -> ‘/home/cxb8014/cometcluster.7’
myHadoop: Designating comet-17-59.ibnet as master node (namenode, secondary namenode, and jobtracker)
myHadoop: The following nodes will be slaves (datanode, tasktracer):
comet-17-59.ibnet
comet-17-60.ibnet
20/04/09 12:05:04 INFO namenode.NameNode: STARTUP_MSG: 
/************************************************************
STARTUP_MSG: Starting NameNode
STARTUP_MSG:   host = comet-17-59.sdsc.edu/198.202.117.43
STARTUP_MSG:   args = [-format]
STARTUP_MSG:   version = 2.6.0
STARTUP_MSG:   classpath = /home/cxb8014/cometcluster:/opt/hadoop/2.6.0/share/hadoop/common/lib/jsr305-1.3.9.jar:/opt/hadoop/2.6.0/share/hadoop/common/lib/jsp-api-2.1.jar:/opt/hadoop/2.6.0/share/hadoop/common/lib/jasper-runtime-5.5.23.jar:/opt/hadoop/2.6.0/share/hadoop/common/lib/curator-client-2.6.0.jar:/opt/hadoop/2.6.0/share/hadoop/common/lib/commons-lang-2.6.jar:/opt/hadoop/2.6.0/share/hadoop/common/lib/jersey-core-1.9.jar:/opt/hadoop/2.6.0/share/hadoop/common/lib/commons-io-2.4.jar:/opt/hadoop/2.6.0/share/hadoop/common/lib/hamcrest-core-1.3.jar:/opt/hadoop/2.6.0/share/hadoop/common/lib/jaxb-impl-2.2.3-1.jar:/opt/hadoop/2.6.0/share/hadoop/common/lib/commons-compress-1.4.1.jar:/opt/hadoop/2.6.0/share/hadoop/common/lib/curator-recipes-2.6.0.jar:/opt/hadoop/2.6.0/share/hadoop/common/lib/hadoop-annotations-2.6.0.jar:/opt/hadoop/2.6.0/share/hadoop/common/lib/asm-3.2.jar:/opt/hadoop/2.6.0/share/hadoop/common/lib/hadoop-auth-2.6.0.jar:/opt/hadoop/2.6.0/share/hadoop/common/lib/httpclient-4.2.5.jar:/opt/hadoop/2.6.0/share/hadoop/common/lib/activation-1.1.jar:/opt/hadoop/2.6.0/share/hadoop/common/lib/commons-logging-1.1.3.jar:/opt/hadoop/2.6.0/share/hadoop/common/lib/slf4j-api-1.7.5.jar:/opt/hadoop/2.6.0/share/hadoop/common/lib/commons-math3-3.1.1.jar:/opt/hadoop/2.6.0/share/hadoop/common/lib/slf4j-log4j12-1.7.5.jar:/opt/hadoop/2.6.0/share/hadoop/common/lib/snappy-java-1.0.4.1.jar:/opt/hadoop/2.6.0/share/hadoop/common/lib/xz-1.0.jar:/opt/hadoop/2.6.0/share/hadoop/common/lib/curator-framework-2.6.0.jar:/opt/hadoop/2.6.0/share/hadoop/common/lib/jetty-6.1.26.jar:/opt/hadoop/2.6.0/share/hadoop/common/lib/netty-3.6.2.Final.jar:/opt/hadoop/2.6.0/share/hadoop/common/lib/junit-4.11.jar:/opt/hadoop/2.6.0/share/hadoop/common/lib/protobuf-java-2.5.0.jar:/opt/hadoop/2.6.0/share/hadoop/common/lib/jetty-util-6.1.26.jar:/opt/hadoop/2.6.0/share/hadoop/common/lib/stax-api-1.0-2.jar:/opt/hadoop/2.6.0/share/hadoop/common/lib/commons-beanutils-core-1.8.0.jar:/opt/hadoop/2.6.0/share/hadoop/common/lib/jersey-json-1.9.jar:/opt/hadoop/2.6.0/share/hadoop/common/lib/java-xmlbuilder-0.4.jar:/opt/hadoop/2.6.0/share/hadoop/common/lib/jets3t-0.9.0.jar:/opt/hadoop/2.6.0/share/hadoop/common/lib/api-asn1-api-1.0.0-M20.jar:/opt/hadoop/2.6.0/share/hadoop/common/lib/commons-digester-1.8.jar:/opt/hadoop/2.6.0/share/hadoop/common/lib/commons-configuration-1.6.jar:/opt/hadoop/2.6.0/share/hadoop/common/lib/jaxb-api-2.2.2.jar:/opt/hadoop/2.6.0/share/hadoop/common/lib/avro-1.7.4.jar:/opt/hadoop/2.6.0/share/hadoop/common/lib/zookeeper-3.4.6.jar:/opt/hadoop/2.6.0/share/hadoop/common/lib/apacheds-i18n-2.0.0-M15.jar:/opt/hadoop/2.6.0/share/hadoop/common/lib/httpcore-4.2.5.jar:/opt/hadoop/2.6.0/share/hadoop/common/lib/commons-beanutils-1.7.0.jar:/opt/hadoop/2.6.0/share/hadoop/common/lib/xmlenc-0.52.jar:/opt/hadoop/2.6.0/share/hadoop/common/lib/jackson-xc-1.9.13.jar:/opt/hadoop/2.6.0/share/hadoop/common/lib/jersey-server-1.9.jar:/opt/hadoop/2.6.0/share/hadoop/common/lib/jasper-compiler-5.5.23.jar:/opt/hadoop/2.6.0/share/hadoop/common/lib/commons-el-1.0.jar:/opt/hadoop/2.6.0/share/hadoop/common/lib/paranamer-2.3.jar:/opt/hadoop/2.6.0/share/hadoop/common/lib/commons-cli-1.2.jar:/opt/hadoop/2.6.0/share/hadoop/common/lib/servlet-api-2.5.jar:/opt/hadoop/2.6.0/share/hadoop/common/lib/commons-codec-1.4.jar:/opt/hadoop/2.6.0/share/hadoop/common/lib/log4j-1.2.17.jar:/opt/hadoop/2.6.0/share/hadoop/common/lib/jsch-0.1.42.jar:/opt/hadoop/2.6.0/share/hadoop/common/lib/apacheds-kerberos-codec-2.0.0-M15.jar:/opt/hadoop/2.6.0/share/hadoop/common/lib/gson-2.2.4.jar:/opt/hadoop/2.6.0/share/hadoop/common/lib/commons-net-3.1.jar:/opt/hadoop/2.6.0/share/hadoop/common/lib/commons-httpclient-3.1.jar:/opt/hadoop/2.6.0/share/hadoop/common/lib/htrace-core-3.0.4.jar:/opt/hadoop/2.6.0/share/hadoop/common/lib/api-util-1.0.0-M20.jar:/opt/hadoop/2.6.0/share/hadoop/common/lib/jackson-mapper-asl-1.9.13.jar:/opt/hadoop/2.6.0/share/hadoop/common/lib/jettison-1.1.jar:/opt/hadoop/2.6.0/share/hadoop/common/lib/jackson-core-asl-1.9.13.jar:/opt/hadoop/2.6.0/share/hadoop/common/lib/jackson-jaxrs-1.9.13.jar:/opt/hadoop/2.6.0/share/hadoop/common/lib/commons-collections-3.2.1.jar:/opt/hadoop/2.6.0/share/hadoop/common/lib/mockito-all-1.8.5.jar:/opt/hadoop/2.6.0/share/hadoop/common/lib/guava-11.0.2.jar:/opt/hadoop/2.6.0/share/hadoop/common/hadoop-common-2.6.0-tests.jar:/opt/hadoop/2.6.0/share/hadoop/common/hadoop-nfs-2.6.0.jar:/opt/hadoop/2.6.0/share/hadoop/common/hadoop-common-2.6.0.jar:/opt/hadoop/2.6.0/share/hadoop/hdfs:/opt/hadoop/2.6.0/share/hadoop/hdfs/lib/jsr305-1.3.9.jar:/opt/hadoop/2.6.0/share/hadoop/hdfs/lib/jsp-api-2.1.jar:/opt/hadoop/2.6.0/share/hadoop/hdfs/lib/jasper-runtime-5.5.23.jar:/opt/hadoop/2.6.0/share/hadoop/hdfs/lib/commons-lang-2.6.jar:/opt/hadoop/2.6.0/share/hadoop/hdfs/lib/jersey-core-1.9.jar:/opt/hadoop/2.6.0/share/hadoop/hdfs/lib/commons-io-2.4.jar:/opt/hadoop/2.6.0/share/hadoop/hdfs/lib/xml-apis-1.3.04.jar:/opt/hadoop/2.6.0/share/hadoop/hdfs/lib/asm-3.2.jar:/opt/hadoop/2.6.0/share/hadoop/hdfs/lib/commons-logging-1.1.3.jar:/opt/hadoop/2.6.0/share/hadoop/hdfs/lib/jetty-6.1.26.jar:/opt/hadoop/2.6.0/share/hadoop/hdfs/lib/netty-3.6.2.Final.jar:/opt/hadoop/2.6.0/share/hadoop/hdfs/lib/protobuf-java-2.5.0.jar:/opt/hadoop/2.6.0/share/hadoop/hdfs/lib/jetty-util-6.1.26.jar:/opt/hadoop/2.6.0/share/hadoop/hdfs/lib/xercesImpl-2.9.1.jar:/opt/hadoop/2.6.0/share/hadoop/hdfs/lib/xmlenc-0.52.jar:/opt/hadoop/2.6.0/share/hadoop/hdfs/lib/jersey-server-1.9.jar:/opt/hadoop/2.6.0/share/hadoop/hdfs/lib/commons-el-1.0.jar:/opt/hadoop/2.6.0/share/hadoop/hdfs/lib/commons-cli-1.2.jar:/opt/hadoop/2.6.0/share/hadoop/hdfs/lib/servlet-api-2.5.jar:/opt/hadoop/2.6.0/share/hadoop/hdfs/lib/commons-codec-1.4.jar:/opt/hadoop/2.6.0/share/hadoop/hdfs/lib/log4j-1.2.17.jar:/opt/hadoop/2.6.0/share/hadoop/hdfs/lib/htrace-core-3.0.4.jar:/opt/hadoop/2.6.0/share/hadoop/hdfs/lib/jackson-mapper-asl-1.9.13.jar:/opt/hadoop/2.6.0/share/hadoop/hdfs/lib/jackson-core-asl-1.9.13.jar:/opt/hadoop/2.6.0/share/hadoop/hdfs/lib/commons-daemon-1.0.13.jar:/opt/hadoop/2.6.0/share/hadoop/hdfs/lib/guava-11.0.2.jar:/opt/hadoop/2.6.0/share/hadoop/hdfs/hadoop-hdfs-2.6.0-tests.jar:/opt/hadoop/2.6.0/share/hadoop/hdfs/hadoop-hdfs-nfs-2.6.0.jar:/opt/hadoop/2.6.0/share/hadoop/hdfs/hadoop-hdfs-2.6.0.jar:/opt/hadoop/2.6.0/share/hadoop/yarn/lib/jsr305-1.3.9.jar:/opt/hadoop/2.6.0/share/hadoop/yarn/lib/commons-lang-2.6.jar:/opt/hadoop/2.6.0/share/hadoop/yarn/lib/jersey-core-1.9.jar:/opt/hadoop/2.6.0/share/hadoop/yarn/lib/commons-io-2.4.jar:/opt/hadoop/2.6.0/share/hadoop/yarn/lib/jaxb-impl-2.2.3-1.jar:/opt/hadoop/2.6.0/share/hadoop/yarn/lib/commons-compress-1.4.1.jar:/opt/hadoop/2.6.0/share/hadoop/yarn/lib/leveldbjni-all-1.8.jar:/opt/hadoop/2.6.0/share/hadoop/yarn/lib/asm-3.2.jar:/opt/hadoop/2.6.0/share/hadoop/yarn/lib/activation-1.1.jar:/opt/hadoop/2.6.0/share/hadoop/yarn/lib/guice-servlet-3.0.jar:/opt/hadoop/2.6.0/share/hadoop/yarn/lib/commons-logging-1.1.3.jar:/opt/hadoop/2.6.0/share/hadoop/yarn/lib/jersey-client-1.9.jar:/opt/hadoop/2.6.0/share/hadoop/yarn/lib/xz-1.0.jar:/opt/hadoop/2.6.0/share/hadoop/yarn/lib/jetty-6.1.26.jar:/opt/hadoop/2.6.0/share/hadoop/yarn/lib/netty-3.6.2.Final.jar:/opt/hadoop/2.6.0/share/hadoop/yarn/lib/protobuf-java-2.5.0.jar:/opt/hadoop/2.6.0/share/hadoop/yarn/lib/guice-3.0.jar:/opt/hadoop/2.6.0/share/hadoop/yarn/lib/jetty-util-6.1.26.jar:/opt/hadoop/2.6.0/share/hadoop/yarn/lib/stax-api-1.0-2.jar:/opt/hadoop/2.6.0/share/hadoop/yarn/lib/jersey-json-1.9.jar:/opt/hadoop/2.6.0/share/hadoop/yarn/lib/jaxb-api-2.2.2.jar:/opt/hadoop/2.6.0/share/hadoop/yarn/lib/zookeeper-3.4.6.jar:/opt/hadoop/2.6.0/share/hadoop/yarn/lib/javax.inject-1.jar:/opt/hadoop/2.6.0/share/hadoop/yarn/lib/jersey-guice-1.9.jar:/opt/hadoop/2.6.0/share/hadoop/yarn/lib/jline-0.9.94.jar:/opt/hadoop/2.6.0/share/hadoop/yarn/lib/jackson-xc-1.9.13.jar:/opt/hadoop/2.6.0/share/hadoop/yarn/lib/jersey-server-1.9.jar:/opt/hadoop/2.6.0/share/hadoop/yarn/lib/commons-cli-1.2.jar:/opt/hadoop/2.6.0/share/hadoop/yarn/lib/servlet-api-2.5.jar:/opt/hadoop/2.6.0/share/hadoop/yarn/lib/commons-codec-1.4.jar:/opt/hadoop/2.6.0/share/hadoop/yarn/lib/log4j-1.2.17.jar:/opt/hadoop/2.6.0/share/hadoop/yarn/lib/commons-httpclient-3.1.jar:/opt/hadoop/2.6.0/share/hadoop/yarn/lib/jackson-mapper-asl-1.9.13.jar:/opt/hadoop/2.6.0/share/hadoop/yarn/lib/jettison-1.1.jar:/opt/hadoop/2.6.0/share/hadoop/yarn/lib/jackson-core-asl-1.9.13.jar:/opt/hadoop/2.6.0/share/hadoop/yarn/lib/jackson-jaxrs-1.9.13.jar:/opt/hadoop/2.6.0/share/hadoop/yarn/lib/aopalliance-1.0.jar:/opt/hadoop/2.6.0/share/hadoop/yarn/lib/commons-collections-3.2.1.jar:/opt/hadoop/2.6.0/share/hadoop/yarn/lib/guava-11.0.2.jar:/opt/hadoop/2.6.0/share/hadoop/yarn/hadoop-yarn-server-web-proxy-2.6.0.jar:/opt/hadoop/2.6.0/share/hadoop/yarn/hadoop-yarn-api-2.6.0.jar:/opt/hadoop/2.6.0/share/hadoop/yarn/hadoop-yarn-server-common-2.6.0.jar:/opt/hadoop/2.6.0/share/hadoop/yarn/hadoop-yarn-registry-2.6.0.jar:/opt/hadoop/2.6.0/share/hadoop/yarn/hadoop-yarn-server-tests-2.6.0.jar:/opt/hadoop/2.6.0/share/hadoop/yarn/hadoop-yarn-server-resourcemanager-2.6.0.jar:/opt/hadoop/2.6.0/share/hadoop/yarn/hadoop-yarn-server-applicationhistoryservice-2.6.0.jar:/opt/hadoop/2.6.0/share/hadoop/yarn/hadoop-yarn-server-nodemanager-2.6.0.jar:/opt/hadoop/2.6.0/share/hadoop/yarn/hadoop-yarn-client-2.6.0.jar:/opt/hadoop/2.6.0/share/hadoop/yarn/hadoop-yarn-common-2.6.0.jar:/opt/hadoop/2.6.0/share/hadoop/yarn/hadoop-yarn-applications-distributedshell-2.6.0.jar:/opt/hadoop/2.6.0/share/hadoop/yarn/hadoop-yarn-applications-unmanaged-am-launcher-2.6.0.jar:/opt/hadoop/2.6.0/share/hadoop/mapreduce/lib/jersey-core-1.9.jar:/opt/hadoop/2.6.0/share/hadoop/mapreduce/lib/commons-io-2.4.jar:/opt/hadoop/2.6.0/share/hadoop/mapreduce/lib/hamcrest-core-1.3.jar:/opt/hadoop/2.6.0/share/hadoop/mapreduce/lib/commons-compress-1.4.1.jar:/opt/hadoop/2.6.0/share/hadoop/mapreduce/lib/hadoop-annotations-2.6.0.jar:/opt/hadoop/2.6.0/share/hadoop/mapreduce/lib/leveldbjni-all-1.8.jar:/opt/hadoop/2.6.0/share/hadoop/mapreduce/lib/asm-3.2.jar:/opt/hadoop/2.6.0/share/hadoop/mapreduce/lib/guice-servlet-3.0.jar:/opt/hadoop/2.6.0/share/hadoop/mapreduce/lib/snappy-java-1.0.4.1.jar:/opt/hadoop/2.6.0/share/hadoop/mapreduce/lib/xz-1.0.jar:/opt/hadoop/2.6.0/share/hadoop/mapreduce/lib/netty-3.6.2.Final.jar:/opt/hadoop/2.6.0/share/hadoop/mapreduce/lib/junit-4.11.jar:/opt/hadoop/2.6.0/share/hadoop/mapreduce/lib/protobuf-java-2.5.0.jar:/opt/hadoop/2.6.0/share/hadoop/mapreduce/lib/guice-3.0.jar:/opt/hadoop/2.6.0/share/hadoop/mapreduce/lib/avro-1.7.4.jar:/opt/hadoop/2.6.0/share/hadoop/mapreduce/lib/javax.inject-1.jar:/opt/hadoop/2.6.0/share/hadoop/mapreduce/lib/jersey-guice-1.9.jar:/opt/hadoop/2.6.0/share/hadoop/mapreduce/lib/jersey-server-1.9.jar:/opt/hadoop/2.6.0/share/hadoop/mapreduce/lib/paranamer-2.3.jar:/opt/hadoop/2.6.0/share/hadoop/mapreduce/lib/log4j-1.2.17.jar:/opt/hadoop/2.6.0/share/hadoop/mapreduce/lib/jackson-mapper-asl-1.9.13.jar:/opt/hadoop/2.6.0/share/hadoop/mapreduce/lib/jackson-core-asl-1.9.13.jar:/opt/hadoop/2.6.0/share/hadoop/mapreduce/lib/aopalliance-1.0.jar:/opt/hadoop/2.6.0/share/hadoop/mapreduce/hadoop-mapreduce-client-jobclient-2.6.0.jar:/opt/hadoop/2.6.0/share/hadoop/mapreduce/hadoop-mapreduce-client-core-2.6.0.jar:/opt/hadoop/2.6.0/share/hadoop/mapreduce/hadoop-mapreduce-client-shuffle-2.6.0.jar:/opt/hadoop/2.6.0/share/hadoop/mapreduce/hadoop-mapreduce-client-hs-plugins-2.6.0.jar:/opt/hadoop/2.6.0/share/hadoop/mapreduce/hadoop-mapreduce-client-app-2.6.0.jar:/opt/hadoop/2.6.0/share/hadoop/mapreduce/hadoop-mapreduce-client-common-2.6.0.jar:/opt/hadoop/2.6.0/share/hadoop/mapreduce/hadoop-mapreduce-client-hs-2.6.0.jar:/opt/hadoop/2.6.0/share/hadoop/mapreduce/hadoop-mapreduce-examples-2.6.0.jar:/opt/hadoop/2.6.0/share/hadoop/mapreduce/hadoop-mapreduce-client-jobclient-2.6.0-tests.jar:/opt/hadoop/2.6.0/contrib/capacity-scheduler/*.jar
STARTUP_MSG:   build = https://git-wip-us.apache.org/repos/asf/hadoop.git -r e3496499ecb8d220fba99dc5ed4c99c8f9e33bb1; compiled by 'jenkins' on 2014-11-13T21:10Z
STARTUP_MSG:   java = 1.8.0_212
************************************************************/
20/04/09 12:05:04 INFO namenode.NameNode: registered UNIX signal handlers for [TERM, HUP, INT]
20/04/09 12:05:04 INFO namenode.NameNode: createNameNode [-format]
20/04/09 12:05:04 WARN common.Util: Path /scratch/cxb8014/32509300/namenode_data should be specified as a URI in configuration files. Please update hdfs configuration.
20/04/09 12:05:04 WARN common.Util: Path /scratch/cxb8014/32509300/namenode_data should be specified as a URI in configuration files. Please update hdfs configuration.
Formatting using clusterid: CID-5e99ad53-d403-48fe-a403-5dfe81a8d238
20/04/09 12:05:04 INFO namenode.FSNamesystem: No KeyProvider found.
20/04/09 12:05:04 INFO namenode.FSNamesystem: fsLock is fair:true
20/04/09 12:05:04 INFO blockmanagement.DatanodeManager: dfs.block.invalidate.limit=1000
20/04/09 12:05:04 INFO blockmanagement.DatanodeManager: dfs.namenode.datanode.registration.ip-hostname-check=true
20/04/09 12:05:04 INFO blockmanagement.BlockManager: dfs.namenode.startup.delay.block.deletion.sec is set to 000:00:00:00.000
20/04/09 12:05:04 INFO blockmanagement.BlockManager: The block deletion will start around 2020 Apr 09 12:05:04
20/04/09 12:05:04 INFO util.GSet: Computing capacity for map BlocksMap
20/04/09 12:05:04 INFO util.GSet: VM type       = 64-bit
20/04/09 12:05:04 INFO util.GSet: 2.0% max memory 889 MB = 17.8 MB
20/04/09 12:05:04 INFO util.GSet: capacity      = 2^21 = 2097152 entries
20/04/09 12:05:04 INFO blockmanagement.BlockManager: dfs.block.access.token.enable=false
20/04/09 12:05:04 INFO blockmanagement.BlockManager: defaultReplication         = 3
20/04/09 12:05:04 INFO blockmanagement.BlockManager: maxReplication             = 512
20/04/09 12:05:04 INFO blockmanagement.BlockManager: minReplication             = 1
20/04/09 12:05:04 INFO blockmanagement.BlockManager: maxReplicationStreams      = 2
20/04/09 12:05:04 INFO blockmanagement.BlockManager: shouldCheckForEnoughRacks  = false
20/04/09 12:05:04 INFO blockmanagement.BlockManager: replicationRecheckInterval = 3000
20/04/09 12:05:04 INFO blockmanagement.BlockManager: encryptDataTransfer        = false
20/04/09 12:05:04 INFO blockmanagement.BlockManager: maxNumBlocksToLog          = 1000
20/04/09 12:05:04 INFO namenode.FSNamesystem: fsOwner             = cxb8014 (auth:SIMPLE)
20/04/09 12:05:04 INFO namenode.FSNamesystem: supergroup          = supergroup
20/04/09 12:05:04 INFO namenode.FSNamesystem: isPermissionEnabled = true
20/04/09 12:05:04 INFO namenode.FSNamesystem: HA Enabled: false
20/04/09 12:05:04 INFO namenode.FSNamesystem: Append Enabled: true
20/04/09 12:05:04 INFO util.GSet: Computing capacity for map INodeMap
20/04/09 12:05:04 INFO util.GSet: VM type       = 64-bit
20/04/09 12:05:04 INFO util.GSet: 1.0% max memory 889 MB = 8.9 MB
20/04/09 12:05:04 INFO util.GSet: capacity      = 2^20 = 1048576 entries
20/04/09 12:05:04 INFO namenode.NameNode: Caching file names occuring more than 10 times
20/04/09 12:05:04 INFO util.GSet: Computing capacity for map cachedBlocks
20/04/09 12:05:04 INFO util.GSet: VM type       = 64-bit
20/04/09 12:05:04 INFO util.GSet: 0.25% max memory 889 MB = 2.2 MB
20/04/09 12:05:04 INFO util.GSet: capacity      = 2^18 = 262144 entries
20/04/09 12:05:04 INFO namenode.FSNamesystem: dfs.namenode.safemode.threshold-pct = 0.9990000128746033
20/04/09 12:05:04 INFO namenode.FSNamesystem: dfs.namenode.safemode.min.datanodes = 0
20/04/09 12:05:04 INFO namenode.FSNamesystem: dfs.namenode.safemode.extension     = 30000
20/04/09 12:05:04 INFO namenode.FSNamesystem: Retry cache on namenode is enabled
20/04/09 12:05:04 INFO namenode.FSNamesystem: Retry cache will use 0.03 of total heap and retry cache entry expiry time is 600000 millis
20/04/09 12:05:04 INFO util.GSet: Computing capacity for map NameNodeRetryCache
20/04/09 12:05:04 INFO util.GSet: VM type       = 64-bit
20/04/09 12:05:04 INFO util.GSet: 0.029999999329447746% max memory 889 MB = 273.1 KB
20/04/09 12:05:04 INFO util.GSet: capacity      = 2^15 = 32768 entries
20/04/09 12:05:04 INFO namenode.NNConf: ACLs enabled? false
20/04/09 12:05:04 INFO namenode.NNConf: XAttrs enabled? true
20/04/09 12:05:04 INFO namenode.NNConf: Maximum size of an xattr: 16384
20/04/09 12:05:04 INFO namenode.FSImage: Allocated new BlockPoolId: BP-721709835-198.202.117.43-1586459104786
20/04/09 12:05:04 INFO common.Storage: Storage directory /scratch/cxb8014/32509300/namenode_data has been successfully formatted.
20/04/09 12:05:04 INFO namenode.NNStorageRetentionManager: Going to retain 1 images with txid >= 0
20/04/09 12:05:04 INFO util.ExitUtil: Exiting with status 0
20/04/09 12:05:04 INFO namenode.NameNode: SHUTDOWN_MSG: 
/************************************************************
SHUTDOWN_MSG: Shutting down NameNode at comet-17-59.sdsc.edu/198.202.117.43
************************************************************/
myHadoop:  
myHadoop: Enabling experimental Spark support
myHadoop: Using SPARK_CONF_DIR=/home/cxb8014/cometcluster/spark
myHadoop:  
To use Spark, you will want to type the following commands:"
  source /home/cxb8014/cometcluster/spark/spark-env.sh
  myspark start
Starting namenodes on [comet-17-59.ibnet]
comet-17-59.ibnet: starting namenode, logging to /scratch/cxb8014/32509300/logs/hadoop-cxb8014-namenode-comet-17-59.sdsc.edu.out
comet-17-59.ibnet: starting datanode, logging to /scratch/cxb8014/32509300/logs/hadoop-cxb8014-datanode-comet-17-59.sdsc.edu.out
comet-17-60.ibnet: starting datanode, logging to /scratch/cxb8014/32509300/logs/hadoop-cxb8014-datanode-comet-17-60.sdsc.edu.out
Starting secondary namenodes [comet-17-59.ibnet]
comet-17-59.ibnet: starting secondarynamenode, logging to /scratch/cxb8014/32509300/logs/hadoop-cxb8014-secondarynamenode-comet-17-59.sdsc.edu.out
starting yarn daemons
starting resourcemanager, logging to /scratch/cxb8014/32509300/logs/yarn-cxb8014-resourcemanager-comet-17-59.out
comet-17-59.ibnet: starting nodemanager, logging to /scratch/cxb8014/32509300/logs/yarn-cxb8014-nodemanager-comet-17-59.sdsc.edu.out
comet-17-60.ibnet: starting nodemanager, logging to /scratch/cxb8014/32509300/logs/yarn-cxb8014-nodemanager-comet-17-60.sdsc.edu.out
mySpark: Using /home/cxb8014/cometcluster/spark/slaves as our slaves file
mySpark: Reading in /home/cxb8014/cometcluster/spark/spark-env.sh as our slaves file
starting org.apache.spark.deploy.master.Master, logging to /scratch/cxb8014/32509300/logs/spark-cxb8014-org.apache.spark.deploy.master.Master-1-comet-17-59.out
mySpark: Starting worker on comet-17-59.ibnet:
  /opt/spark/1.5.2/sbin/spark-daemon.sh --config /home/cxb8014/cometcluster/spark start org.apache.spark.deploy.worker.Worker 1 spark://comet-17-59.ibnet:7077
starting org.apache.spark.deploy.worker.Worker, logging to /scratch/cxb8014/32509300/logs/spark-cxb8014-org.apache.spark.deploy.worker.Worker-1-comet-17-59.sdsc.edu.out
mySpark: Starting worker on comet-17-60.ibnet:
  /opt/spark/1.5.2/sbin/spark-daemon.sh --config /home/cxb8014/cometcluster/spark start org.apache.spark.deploy.worker.Worker 1 spark://comet-17-59.ibnet:7077
starting org.apache.spark.deploy.worker.Worker, logging to /scratch/cxb8014/32509300/logs/spark-cxb8014-org.apache.spark.deploy.worker.Worker-1-comet-17-60.sdsc.edu.out
20/04/09 12:05:33 INFO spark.SparkContext: Running Spark version 1.5.2
20/04/09 12:05:34 WARN util.NativeCodeLoader: Unable to load native-hadoop library for your platform... using builtin-java classes where applicable
20/04/09 12:05:34 INFO spark.SecurityManager: Changing view acls to: cxb8014
20/04/09 12:05:34 INFO spark.SecurityManager: Changing modify acls to: cxb8014
20/04/09 12:05:34 INFO spark.SecurityManager: SecurityManager: authentication disabled; ui acls disabled; users with view permissions: Set(cxb8014); users with modify permissions: Set(cxb8014)
20/04/09 12:05:34 INFO slf4j.Slf4jLogger: Slf4jLogger started
20/04/09 12:05:34 INFO Remoting: Starting remoting
20/04/09 12:05:34 INFO Remoting: Remoting started; listening on addresses :[akka.tcp://sparkDriver@10.22.251.140:36571]
20/04/09 12:05:34 INFO util.Utils: Successfully started service 'sparkDriver' on port 36571.
20/04/09 12:05:34 INFO spark.SparkEnv: Registering MapOutputTracker
20/04/09 12:05:34 INFO spark.SparkEnv: Registering BlockManagerMaster
20/04/09 12:05:34 INFO storage.DiskBlockManager: Created local directory at /tmp/blockmgr-73a9aea9-9f71-4c3a-bec5-a429d3459a1a
20/04/09 12:05:34 INFO storage.MemoryStore: MemoryStore started with capacity 530.0 MB
20/04/09 12:05:34 INFO spark.HttpFileServer: HTTP File server directory is /tmp/spark-70e61b47-aa71-428b-ac8a-a39893277aca/httpd-80362627-dee4-4e7e-bbd7-3c54bcdfeb7a
20/04/09 12:05:34 INFO spark.HttpServer: Starting HTTP Server
20/04/09 12:05:34 INFO server.Server: jetty-8.y.z-SNAPSHOT
20/04/09 12:05:34 INFO server.AbstractConnector: Started SocketConnector@0.0.0.0:43762
20/04/09 12:05:34 INFO util.Utils: Successfully started service 'HTTP file server' on port 43762.
20/04/09 12:05:34 INFO spark.SparkEnv: Registering OutputCommitCoordinator
20/04/09 12:05:34 INFO server.Server: jetty-8.y.z-SNAPSHOT
20/04/09 12:05:34 INFO server.AbstractConnector: Started SelectChannelConnector@0.0.0.0:4040
20/04/09 12:05:34 INFO util.Utils: Successfully started service 'SparkUI' on port 4040.
20/04/09 12:05:34 INFO ui.SparkUI: Started SparkUI at http://10.22.251.140:4040
20/04/09 12:05:35 INFO spark.SparkContext: Added JAR file:/home/cxb8014/project5/graph.jar at http://10.22.251.140:43762/jars/graph.jar with timestamp 1586459135004
20/04/09 12:05:35 WARN metrics.MetricsSystem: Using default name DAGScheduler for source because spark.app.id is not set.
20/04/09 12:05:35 INFO client.AppClient$ClientEndpoint: Connecting to master spark://comet-17-59.ibnet:7077...
20/04/09 12:05:35 INFO cluster.SparkDeploySchedulerBackend: Connected to Spark cluster with app ID app-20200409120535-0000
20/04/09 12:05:35 INFO client.AppClient$ClientEndpoint: Executor added: app-20200409120535-0000/0 on worker-20200409120529-10.22.251.139-36708 (10.22.251.139:36708) with 24 cores
20/04/09 12:05:35 INFO cluster.SparkDeploySchedulerBackend: Granted executor ID app-20200409120535-0000/0 on hostPort 10.22.251.139:36708 with 24 cores, 1024.0 MB RAM
20/04/09 12:05:35 INFO client.AppClient$ClientEndpoint: Executor added: app-20200409120535-0000/1 on worker-20200409120527-10.22.251.140-41460 (10.22.251.140:41460) with 24 cores
20/04/09 12:05:35 INFO cluster.SparkDeploySchedulerBackend: Granted executor ID app-20200409120535-0000/1 on hostPort 10.22.251.140:41460 with 24 cores, 1024.0 MB RAM
20/04/09 12:05:35 INFO client.AppClient$ClientEndpoint: Executor updated: app-20200409120535-0000/0 is now RUNNING
20/04/09 12:05:35 INFO util.Utils: Successfully started service 'org.apache.spark.network.netty.NettyBlockTransferService' on port 34447.
20/04/09 12:05:35 INFO netty.NettyBlockTransferService: Server created on 34447
20/04/09 12:05:35 INFO storage.BlockManagerMaster: Trying to register BlockManager
20/04/09 12:05:35 INFO storage.BlockManagerMasterEndpoint: Registering block manager 10.22.251.140:34447 with 530.0 MB RAM, BlockManagerId(driver, 10.22.251.140, 34447)
20/04/09 12:05:35 INFO storage.BlockManagerMaster: Registered BlockManager
20/04/09 12:05:35 INFO client.AppClient$ClientEndpoint: Executor updated: app-20200409120535-0000/0 is now LOADING
20/04/09 12:05:35 INFO client.AppClient$ClientEndpoint: Executor updated: app-20200409120535-0000/1 is now RUNNING
20/04/09 12:05:35 INFO client.AppClient$ClientEndpoint: Executor updated: app-20200409120535-0000/1 is now LOADING
20/04/09 12:05:35 INFO cluster.SparkDeploySchedulerBackend: SchedulerBackend is ready for scheduling beginning after reached minRegisteredResourcesRatio: 0.0
20/04/09 12:05:35 INFO storage.MemoryStore: ensureFreeSpace(120176) called with curMem=0, maxMem=555755765
20/04/09 12:05:35 INFO storage.MemoryStore: Block broadcast_0 stored as values in memory (estimated size 117.4 KB, free 529.9 MB)
20/04/09 12:05:35 INFO storage.MemoryStore: ensureFreeSpace(12887) called with curMem=120176, maxMem=555755765
20/04/09 12:05:35 INFO storage.MemoryStore: Block broadcast_0_piece0 stored as bytes in memory (estimated size 12.6 KB, free 529.9 MB)
20/04/09 12:05:35 INFO storage.BlockManagerInfo: Added broadcast_0_piece0 in memory on 10.22.251.140:34447 (size: 12.6 KB, free: 530.0 MB)
20/04/09 12:05:35 INFO spark.SparkContext: Created broadcast 0 from textFile at Graph.scala:20
20/04/09 12:05:36 INFO mapred.FileInputFormat: Total input paths to process : 1
20/04/09 12:05:36 INFO spark.SparkContext: Starting job: sortByKey at Graph.scala:26
20/04/09 12:05:36 INFO scheduler.DAGScheduler: Registering RDD 4 (flatMap at Graph.scala:23)
20/04/09 12:05:36 INFO scheduler.DAGScheduler: Registering RDD 3 (map at Graph.scala:21)
20/04/09 12:05:36 INFO scheduler.DAGScheduler: Registering RDD 10 (flatMap at Graph.scala:23)
20/04/09 12:05:36 INFO scheduler.DAGScheduler: Registering RDD 3 (map at Graph.scala:21)
20/04/09 12:05:36 INFO scheduler.DAGScheduler: Registering RDD 16 (flatMap at Graph.scala:23)
20/04/09 12:05:36 INFO scheduler.DAGScheduler: Registering RDD 3 (map at Graph.scala:21)
20/04/09 12:05:36 INFO scheduler.DAGScheduler: Registering RDD 22 (flatMap at Graph.scala:23)
20/04/09 12:05:36 INFO scheduler.DAGScheduler: Registering RDD 3 (map at Graph.scala:21)
20/04/09 12:05:36 INFO scheduler.DAGScheduler: Registering RDD 28 (flatMap at Graph.scala:23)
20/04/09 12:05:36 INFO scheduler.DAGScheduler: Registering RDD 3 (map at Graph.scala:21)
20/04/09 12:05:36 INFO scheduler.DAGScheduler: Registering RDD 34 (map at Graph.scala:26)
20/04/09 12:05:36 INFO scheduler.DAGScheduler: Got job 0 (sortByKey at Graph.scala:26) with 2 output partitions
20/04/09 12:05:36 INFO scheduler.DAGScheduler: Final stage: ResultStage 11(sortByKey at Graph.scala:26)
20/04/09 12:05:36 INFO scheduler.DAGScheduler: Parents of final stage: List(ShuffleMapStage 10)
20/04/09 12:05:36 INFO scheduler.DAGScheduler: Missing parents: List(ShuffleMapStage 10)
20/04/09 12:05:36 INFO scheduler.DAGScheduler: Submitting ShuffleMapStage 0 (MapPartitionsRDD[4] at flatMap at Graph.scala:23), which has no missing parents
20/04/09 12:05:36 INFO storage.MemoryStore: ensureFreeSpace(4120) called with curMem=133063, maxMem=555755765
20/04/09 12:05:36 INFO storage.MemoryStore: Block broadcast_1 stored as values in memory (estimated size 4.0 KB, free 529.9 MB)
20/04/09 12:05:36 INFO storage.MemoryStore: ensureFreeSpace(2339) called with curMem=137183, maxMem=555755765
20/04/09 12:05:36 INFO storage.MemoryStore: Block broadcast_1_piece0 stored as bytes in memory (estimated size 2.3 KB, free 529.9 MB)
20/04/09 12:05:36 INFO storage.BlockManagerInfo: Added broadcast_1_piece0 in memory on 10.22.251.140:34447 (size: 2.3 KB, free: 530.0 MB)
20/04/09 12:05:36 INFO spark.SparkContext: Created broadcast 1 from broadcast at DAGScheduler.scala:861
20/04/09 12:05:36 INFO scheduler.DAGScheduler: Submitting 2 missing tasks from ShuffleMapStage 0 (MapPartitionsRDD[4] at flatMap at Graph.scala:23)
20/04/09 12:05:36 INFO scheduler.TaskSchedulerImpl: Adding task set 0.0 with 2 tasks
20/04/09 12:05:36 INFO scheduler.DAGScheduler: Submitting ShuffleMapStage 1 (MapPartitionsRDD[3] at map at Graph.scala:21), which has no missing parents
20/04/09 12:05:36 INFO storage.MemoryStore: ensureFreeSpace(3704) called with curMem=139522, maxMem=555755765
20/04/09 12:05:36 INFO storage.MemoryStore: Block broadcast_2 stored as values in memory (estimated size 3.6 KB, free 529.9 MB)
20/04/09 12:05:36 INFO storage.MemoryStore: ensureFreeSpace(2162) called with curMem=143226, maxMem=555755765
20/04/09 12:05:36 INFO storage.MemoryStore: Block broadcast_2_piece0 stored as bytes in memory (estimated size 2.1 KB, free 529.9 MB)
20/04/09 12:05:36 INFO storage.BlockManagerInfo: Added broadcast_2_piece0 in memory on 10.22.251.140:34447 (size: 2.1 KB, free: 530.0 MB)
20/04/09 12:05:36 INFO spark.SparkContext: Created broadcast 2 from broadcast at DAGScheduler.scala:861
20/04/09 12:05:36 INFO scheduler.DAGScheduler: Submitting 2 missing tasks from ShuffleMapStage 1 (MapPartitionsRDD[3] at map at Graph.scala:21)
20/04/09 12:05:36 INFO scheduler.TaskSchedulerImpl: Adding task set 1.0 with 2 tasks
20/04/09 12:05:36 INFO scheduler.DAGScheduler: Submitting ShuffleMapStage 3 (MapPartitionsRDD[3] at map at Graph.scala:21), which has no missing parents
20/04/09 12:05:36 INFO storage.MemoryStore: ensureFreeSpace(3704) called with curMem=145388, maxMem=555755765
20/04/09 12:05:36 INFO storage.MemoryStore: Block broadcast_3 stored as values in memory (estimated size 3.6 KB, free 529.9 MB)
20/04/09 12:05:36 INFO storage.MemoryStore: ensureFreeSpace(2163) called with curMem=149092, maxMem=555755765
20/04/09 12:05:36 INFO storage.MemoryStore: Block broadcast_3_piece0 stored as bytes in memory (estimated size 2.1 KB, free 529.9 MB)
20/04/09 12:05:36 INFO storage.BlockManagerInfo: Added broadcast_3_piece0 in memory on 10.22.251.140:34447 (size: 2.1 KB, free: 530.0 MB)
20/04/09 12:05:36 INFO spark.SparkContext: Created broadcast 3 from broadcast at DAGScheduler.scala:861
20/04/09 12:05:36 INFO scheduler.DAGScheduler: Submitting 2 missing tasks from ShuffleMapStage 3 (MapPartitionsRDD[3] at map at Graph.scala:21)
20/04/09 12:05:36 INFO scheduler.TaskSchedulerImpl: Adding task set 3.0 with 2 tasks
20/04/09 12:05:36 INFO scheduler.DAGScheduler: Submitting ShuffleMapStage 5 (MapPartitionsRDD[3] at map at Graph.scala:21), which has no missing parents
20/04/09 12:05:36 INFO storage.MemoryStore: ensureFreeSpace(3704) called with curMem=151255, maxMem=555755765
20/04/09 12:05:36 INFO storage.MemoryStore: Block broadcast_4 stored as values in memory (estimated size 3.6 KB, free 529.9 MB)
20/04/09 12:05:36 INFO storage.MemoryStore: ensureFreeSpace(2163) called with curMem=154959, maxMem=555755765
20/04/09 12:05:36 INFO storage.MemoryStore: Block broadcast_4_piece0 stored as bytes in memory (estimated size 2.1 KB, free 529.9 MB)
20/04/09 12:05:36 INFO storage.BlockManagerInfo: Added broadcast_4_piece0 in memory on 10.22.251.140:34447 (size: 2.1 KB, free: 530.0 MB)
20/04/09 12:05:36 INFO spark.SparkContext: Created broadcast 4 from broadcast at DAGScheduler.scala:861
20/04/09 12:05:36 INFO scheduler.DAGScheduler: Submitting 2 missing tasks from ShuffleMapStage 5 (MapPartitionsRDD[3] at map at Graph.scala:21)
20/04/09 12:05:36 INFO scheduler.TaskSchedulerImpl: Adding task set 5.0 with 2 tasks
20/04/09 12:05:36 INFO scheduler.DAGScheduler: Submitting ShuffleMapStage 7 (MapPartitionsRDD[3] at map at Graph.scala:21), which has no missing parents
20/04/09 12:05:36 INFO storage.MemoryStore: ensureFreeSpace(3704) called with curMem=157122, maxMem=555755765
20/04/09 12:05:36 INFO storage.MemoryStore: Block broadcast_5 stored as values in memory (estimated size 3.6 KB, free 529.9 MB)
20/04/09 12:05:36 INFO storage.MemoryStore: ensureFreeSpace(2164) called with curMem=160826, maxMem=555755765
20/04/09 12:05:36 INFO storage.MemoryStore: Block broadcast_5_piece0 stored as bytes in memory (estimated size 2.1 KB, free 529.9 MB)
20/04/09 12:05:36 INFO storage.BlockManagerInfo: Added broadcast_5_piece0 in memory on 10.22.251.140:34447 (size: 2.1 KB, free: 530.0 MB)
20/04/09 12:05:36 INFO spark.SparkContext: Created broadcast 5 from broadcast at DAGScheduler.scala:861
20/04/09 12:05:36 INFO scheduler.DAGScheduler: Submitting 2 missing tasks from ShuffleMapStage 7 (MapPartitionsRDD[3] at map at Graph.scala:21)
20/04/09 12:05:36 INFO scheduler.TaskSchedulerImpl: Adding task set 7.0 with 2 tasks
20/04/09 12:05:36 INFO scheduler.DAGScheduler: Submitting ShuffleMapStage 9 (MapPartitionsRDD[3] at map at Graph.scala:21), which has no missing parents
20/04/09 12:05:36 INFO storage.MemoryStore: ensureFreeSpace(3704) called with curMem=162990, maxMem=555755765
20/04/09 12:05:36 INFO storage.MemoryStore: Block broadcast_6 stored as values in memory (estimated size 3.6 KB, free 529.9 MB)
20/04/09 12:05:36 INFO storage.MemoryStore: ensureFreeSpace(2164) called with curMem=166694, maxMem=555755765
20/04/09 12:05:36 INFO storage.MemoryStore: Block broadcast_6_piece0 stored as bytes in memory (estimated size 2.1 KB, free 529.8 MB)
20/04/09 12:05:36 INFO storage.BlockManagerInfo: Added broadcast_6_piece0 in memory on 10.22.251.140:34447 (size: 2.1 KB, free: 530.0 MB)
20/04/09 12:05:36 INFO spark.SparkContext: Created broadcast 6 from broadcast at DAGScheduler.scala:861
20/04/09 12:05:36 INFO scheduler.DAGScheduler: Submitting 2 missing tasks from ShuffleMapStage 9 (MapPartitionsRDD[3] at map at Graph.scala:21)
20/04/09 12:05:36 INFO scheduler.TaskSchedulerImpl: Adding task set 9.0 with 2 tasks
20/04/09 12:05:36 INFO cluster.SparkDeploySchedulerBackend: Registered executor: AkkaRpcEndpointRef(Actor[akka.tcp://sparkExecutor@10.22.251.140:34938/user/Executor#-153948896]) with ID 1
20/04/09 12:05:36 INFO scheduler.TaskSetManager: Starting task 0.0 in stage 0.0 (TID 0, 10.22.251.140, ANY, 2208 bytes)
20/04/09 12:05:36 INFO scheduler.TaskSetManager: Starting task 1.0 in stage 0.0 (TID 1, 10.22.251.140, ANY, 2208 bytes)
20/04/09 12:05:36 INFO scheduler.TaskSetManager: Starting task 0.0 in stage 1.0 (TID 2, 10.22.251.140, ANY, 2208 bytes)
20/04/09 12:05:36 INFO scheduler.TaskSetManager: Starting task 1.0 in stage 1.0 (TID 3, 10.22.251.140, ANY, 2208 bytes)
20/04/09 12:05:36 INFO scheduler.TaskSetManager: Starting task 0.0 in stage 3.0 (TID 4, 10.22.251.140, ANY, 2208 bytes)
20/04/09 12:05:36 INFO scheduler.TaskSetManager: Starting task 1.0 in stage 3.0 (TID 5, 10.22.251.140, ANY, 2208 bytes)
20/04/09 12:05:36 INFO scheduler.TaskSetManager: Starting task 0.0 in stage 5.0 (TID 6, 10.22.251.140, ANY, 2208 bytes)
20/04/09 12:05:36 INFO scheduler.TaskSetManager: Starting task 1.0 in stage 5.0 (TID 7, 10.22.251.140, ANY, 2208 bytes)
20/04/09 12:05:36 INFO scheduler.TaskSetManager: Starting task 0.0 in stage 7.0 (TID 8, 10.22.251.140, ANY, 2208 bytes)
20/04/09 12:05:36 INFO scheduler.TaskSetManager: Starting task 1.0 in stage 7.0 (TID 9, 10.22.251.140, ANY, 2208 bytes)
20/04/09 12:05:36 INFO scheduler.TaskSetManager: Starting task 0.0 in stage 9.0 (TID 10, 10.22.251.140, ANY, 2208 bytes)
20/04/09 12:05:36 INFO scheduler.TaskSetManager: Starting task 1.0 in stage 9.0 (TID 11, 10.22.251.140, ANY, 2208 bytes)
20/04/09 12:05:36 INFO cluster.SparkDeploySchedulerBackend: Registered executor: AkkaRpcEndpointRef(Actor[akka.tcp://sparkExecutor@10.22.251.139:34652/user/Executor#29173451]) with ID 0
20/04/09 12:05:36 INFO storage.BlockManagerMasterEndpoint: Registering block manager 10.22.251.140:39345 with 530.0 MB RAM, BlockManagerId(1, 10.22.251.140, 39345)
20/04/09 12:05:36 INFO storage.BlockManagerMasterEndpoint: Registering block manager 10.22.251.139:33763 with 530.0 MB RAM, BlockManagerId(0, 10.22.251.139, 33763)
20/04/09 12:05:37 INFO storage.BlockManagerInfo: Added broadcast_6_piece0 in memory on 10.22.251.140:39345 (size: 2.1 KB, free: 530.0 MB)
20/04/09 12:05:37 INFO storage.BlockManagerInfo: Added broadcast_5_piece0 in memory on 10.22.251.140:39345 (size: 2.1 KB, free: 530.0 MB)
20/04/09 12:05:37 INFO storage.BlockManagerInfo: Added broadcast_2_piece0 in memory on 10.22.251.140:39345 (size: 2.1 KB, free: 530.0 MB)
20/04/09 12:05:37 INFO storage.BlockManagerInfo: Added broadcast_1_piece0 in memory on 10.22.251.140:39345 (size: 2.3 KB, free: 530.0 MB)
20/04/09 12:05:37 INFO storage.BlockManagerInfo: Added broadcast_3_piece0 in memory on 10.22.251.140:39345 (size: 2.1 KB, free: 530.0 MB)
20/04/09 12:05:37 INFO storage.BlockManagerInfo: Added broadcast_4_piece0 in memory on 10.22.251.140:39345 (size: 2.1 KB, free: 530.0 MB)
20/04/09 12:05:37 INFO storage.BlockManagerInfo: Added broadcast_0_piece0 in memory on 10.22.251.140:39345 (size: 12.6 KB, free: 530.0 MB)
20/04/09 12:05:38 INFO scheduler.TaskSetManager: Finished task 1.0 in stage 0.0 (TID 1) in 1969 ms on 10.22.251.140 (1/2)
20/04/09 12:05:38 INFO scheduler.TaskSetManager: Finished task 0.0 in stage 0.0 (TID 0) in 1982 ms on 10.22.251.140 (2/2)
20/04/09 12:05:38 INFO scheduler.TaskSchedulerImpl: Removed TaskSet 0.0, whose tasks have all completed, from pool 
20/04/09 12:05:38 INFO scheduler.DAGScheduler: ShuffleMapStage 0 (flatMap at Graph.scala:23) finished in 2.485 s
20/04/09 12:05:38 INFO scheduler.DAGScheduler: looking for newly runnable stages
20/04/09 12:05:38 INFO scheduler.DAGScheduler: running: Set(ShuffleMapStage 9, ShuffleMapStage 1, ShuffleMapStage 5, ShuffleMapStage 3, ShuffleMapStage 7)
20/04/09 12:05:38 INFO scheduler.DAGScheduler: waiting: Set(ShuffleMapStage 2, ShuffleMapStage 6, ShuffleMapStage 10, ShuffleMapStage 4, ResultStage 11, ShuffleMapStage 8)
20/04/09 12:05:38 INFO scheduler.DAGScheduler: failed: Set()
20/04/09 12:05:38 INFO scheduler.DAGScheduler: Missing parents for ShuffleMapStage 2: List(ShuffleMapStage 1)
20/04/09 12:05:38 INFO scheduler.DAGScheduler: Missing parents for ShuffleMapStage 6: List(ShuffleMapStage 5, ShuffleMapStage 4)
20/04/09 12:05:38 INFO scheduler.DAGScheduler: Missing parents for ShuffleMapStage 10: List(ShuffleMapStage 9, ShuffleMapStage 8)
20/04/09 12:05:38 INFO scheduler.DAGScheduler: Missing parents for ShuffleMapStage 4: List(ShuffleMapStage 2, ShuffleMapStage 3)
20/04/09 12:05:38 INFO scheduler.DAGScheduler: Missing parents for ResultStage 11: List(ShuffleMapStage 10)
20/04/09 12:05:38 INFO scheduler.DAGScheduler: Missing parents for ShuffleMapStage 8: List(ShuffleMapStage 6, ShuffleMapStage 7)
20/04/09 12:05:38 INFO scheduler.TaskSetManager: Finished task 0.0 in stage 5.0 (TID 6) in 2114 ms on 10.22.251.140 (1/2)
20/04/09 12:05:38 INFO scheduler.TaskSetManager: Finished task 1.0 in stage 9.0 (TID 11) in 2112 ms on 10.22.251.140 (1/2)
20/04/09 12:05:38 INFO scheduler.TaskSetManager: Finished task 1.0 in stage 7.0 (TID 9) in 2114 ms on 10.22.251.140 (1/2)
20/04/09 12:05:38 INFO scheduler.TaskSetManager: Finished task 1.0 in stage 5.0 (TID 7) in 2115 ms on 10.22.251.140 (2/2)
20/04/09 12:05:38 INFO scheduler.TaskSchedulerImpl: Removed TaskSet 5.0, whose tasks have all completed, from pool 
20/04/09 12:05:38 INFO scheduler.DAGScheduler: ShuffleMapStage 5 (map at Graph.scala:21) finished in 2.613 s
20/04/09 12:05:38 INFO scheduler.DAGScheduler: looking for newly runnable stages
20/04/09 12:05:38 INFO scheduler.DAGScheduler: running: Set(ShuffleMapStage 9, ShuffleMapStage 1, ShuffleMapStage 3, ShuffleMapStage 7)
20/04/09 12:05:38 INFO scheduler.DAGScheduler: waiting: Set(ShuffleMapStage 2, ShuffleMapStage 6, ShuffleMapStage 10, ShuffleMapStage 4, ResultStage 11, ShuffleMapStage 8)
20/04/09 12:05:38 INFO scheduler.DAGScheduler: failed: Set()
20/04/09 12:05:38 INFO scheduler.DAGScheduler: Missing parents for ShuffleMapStage 2: List(ShuffleMapStage 1)
20/04/09 12:05:38 INFO scheduler.DAGScheduler: Missing parents for ShuffleMapStage 6: List(ShuffleMapStage 4)
20/04/09 12:05:38 INFO scheduler.TaskSetManager: Finished task 1.0 in stage 3.0 (TID 5) in 2117 ms on 10.22.251.140 (1/2)
20/04/09 12:05:38 INFO scheduler.DAGScheduler: Missing parents for ShuffleMapStage 10: List(ShuffleMapStage 9, ShuffleMapStage 8)
20/04/09 12:05:38 INFO scheduler.DAGScheduler: Missing parents for ShuffleMapStage 4: List(ShuffleMapStage 2, ShuffleMapStage 3)
20/04/09 12:05:38 INFO scheduler.DAGScheduler: Missing parents for ResultStage 11: List(ShuffleMapStage 10)
20/04/09 12:05:38 INFO scheduler.DAGScheduler: Missing parents for ShuffleMapStage 8: List(ShuffleMapStage 6, ShuffleMapStage 7)
20/04/09 12:05:38 INFO scheduler.TaskSetManager: Finished task 0.0 in stage 7.0 (TID 8) in 2117 ms on 10.22.251.140 (2/2)
20/04/09 12:05:38 INFO scheduler.TaskSchedulerImpl: Removed TaskSet 7.0, whose tasks have all completed, from pool 
20/04/09 12:05:38 INFO scheduler.TaskSetManager: Finished task 1.0 in stage 1.0 (TID 3) in 2119 ms on 10.22.251.140 (1/2)
20/04/09 12:05:38 INFO scheduler.DAGScheduler: ShuffleMapStage 7 (map at Graph.scala:21) finished in 2.607 s
20/04/09 12:05:38 INFO scheduler.DAGScheduler: looking for newly runnable stages
20/04/09 12:05:38 INFO scheduler.DAGScheduler: running: Set(ShuffleMapStage 9, ShuffleMapStage 1, ShuffleMapStage 3)
20/04/09 12:05:38 INFO scheduler.DAGScheduler: waiting: Set(ShuffleMapStage 2, ShuffleMapStage 6, ShuffleMapStage 10, ShuffleMapStage 4, ResultStage 11, ShuffleMapStage 8)
20/04/09 12:05:38 INFO scheduler.DAGScheduler: failed: Set()
20/04/09 12:05:38 INFO scheduler.DAGScheduler: Missing parents for ShuffleMapStage 2: List(ShuffleMapStage 1)
20/04/09 12:05:38 INFO scheduler.TaskSetManager: Finished task 0.0 in stage 9.0 (TID 10) in 2116 ms on 10.22.251.140 (2/2)
20/04/09 12:05:38 INFO scheduler.DAGScheduler: Missing parents for ShuffleMapStage 6: List(ShuffleMapStage 4)
20/04/09 12:05:38 INFO scheduler.TaskSchedulerImpl: Removed TaskSet 9.0, whose tasks have all completed, from pool 
20/04/09 12:05:38 INFO scheduler.DAGScheduler: Missing parents for ShuffleMapStage 10: List(ShuffleMapStage 9, ShuffleMapStage 8)
20/04/09 12:05:38 INFO scheduler.DAGScheduler: Missing parents for ShuffleMapStage 4: List(ShuffleMapStage 2, ShuffleMapStage 3)
20/04/09 12:05:38 INFO scheduler.DAGScheduler: Missing parents for ResultStage 11: List(ShuffleMapStage 10)
20/04/09 12:05:38 INFO scheduler.DAGScheduler: Missing parents for ShuffleMapStage 8: List(ShuffleMapStage 6)
20/04/09 12:05:38 INFO scheduler.TaskSetManager: Finished task 0.0 in stage 1.0 (TID 2) in 2120 ms on 10.22.251.140 (2/2)
20/04/09 12:05:38 INFO scheduler.TaskSchedulerImpl: Removed TaskSet 1.0, whose tasks have all completed, from pool 
20/04/09 12:05:38 INFO scheduler.TaskSetManager: Finished task 0.0 in stage 3.0 (TID 4) in 2119 ms on 10.22.251.140 (2/2)
20/04/09 12:05:38 INFO scheduler.TaskSchedulerImpl: Removed TaskSet 3.0, whose tasks have all completed, from pool 
20/04/09 12:05:38 INFO scheduler.DAGScheduler: ShuffleMapStage 9 (map at Graph.scala:21) finished in 2.603 s
20/04/09 12:05:38 INFO scheduler.DAGScheduler: looking for newly runnable stages
20/04/09 12:05:38 INFO scheduler.DAGScheduler: running: Set(ShuffleMapStage 1, ShuffleMapStage 3)
20/04/09 12:05:38 INFO scheduler.DAGScheduler: waiting: Set(ShuffleMapStage 2, ShuffleMapStage 6, ShuffleMapStage 10, ShuffleMapStage 4, ResultStage 11, ShuffleMapStage 8)
20/04/09 12:05:38 INFO scheduler.DAGScheduler: failed: Set()
20/04/09 12:05:38 INFO scheduler.DAGScheduler: Missing parents for ShuffleMapStage 2: List(ShuffleMapStage 1)
20/04/09 12:05:38 INFO scheduler.DAGScheduler: Missing parents for ShuffleMapStage 6: List(ShuffleMapStage 4)
20/04/09 12:05:38 INFO scheduler.DAGScheduler: Missing parents for ShuffleMapStage 10: List(ShuffleMapStage 8)
20/04/09 12:05:38 INFO scheduler.DAGScheduler: Missing parents for ShuffleMapStage 4: List(ShuffleMapStage 2, ShuffleMapStage 3)
20/04/09 12:05:38 INFO scheduler.DAGScheduler: Missing parents for ResultStage 11: List(ShuffleMapStage 10)
20/04/09 12:05:38 INFO scheduler.DAGScheduler: Missing parents for ShuffleMapStage 8: List(ShuffleMapStage 6)
20/04/09 12:05:38 INFO scheduler.DAGScheduler: ShuffleMapStage 1 (map at Graph.scala:21) finished in 2.630 s
20/04/09 12:05:38 INFO scheduler.DAGScheduler: looking for newly runnable stages
20/04/09 12:05:38 INFO scheduler.DAGScheduler: running: Set(ShuffleMapStage 3)
20/04/09 12:05:38 INFO scheduler.DAGScheduler: waiting: Set(ShuffleMapStage 2, ShuffleMapStage 6, ShuffleMapStage 10, ShuffleMapStage 4, ResultStage 11, ShuffleMapStage 8)
20/04/09 12:05:38 INFO scheduler.DAGScheduler: failed: Set()
20/04/09 12:05:38 INFO scheduler.DAGScheduler: Missing parents for ShuffleMapStage 2: List()
20/04/09 12:05:38 INFO scheduler.DAGScheduler: Missing parents for ShuffleMapStage 6: List(ShuffleMapStage 4)
20/04/09 12:05:38 INFO scheduler.DAGScheduler: Missing parents for ShuffleMapStage 10: List(ShuffleMapStage 8)
20/04/09 12:05:38 INFO scheduler.DAGScheduler: Missing parents for ShuffleMapStage 4: List(ShuffleMapStage 2, ShuffleMapStage 3)
20/04/09 12:05:38 INFO scheduler.DAGScheduler: Missing parents for ResultStage 11: List(ShuffleMapStage 10)
20/04/09 12:05:38 INFO scheduler.DAGScheduler: Missing parents for ShuffleMapStage 8: List(ShuffleMapStage 6)
20/04/09 12:05:38 INFO scheduler.DAGScheduler: Submitting ShuffleMapStage 2 (MapPartitionsRDD[10] at flatMap at Graph.scala:23), which is now runnable
20/04/09 12:05:38 INFO storage.MemoryStore: ensureFreeSpace(3616) called with curMem=168858, maxMem=555755765
20/04/09 12:05:38 INFO storage.MemoryStore: Block broadcast_7 stored as values in memory (estimated size 3.5 KB, free 529.8 MB)
20/04/09 12:05:38 INFO storage.MemoryStore: ensureFreeSpace(1839) called with curMem=172474, maxMem=555755765
20/04/09 12:05:38 INFO storage.MemoryStore: Block broadcast_7_piece0 stored as bytes in memory (estimated size 1839.0 B, free 529.8 MB)
20/04/09 12:05:38 INFO storage.BlockManagerInfo: Added broadcast_7_piece0 in memory on 10.22.251.140:34447 (size: 1839.0 B, free: 530.0 MB)
20/04/09 12:05:38 INFO spark.SparkContext: Created broadcast 7 from broadcast at DAGScheduler.scala:861
20/04/09 12:05:38 INFO scheduler.DAGScheduler: Submitting 2 missing tasks from ShuffleMapStage 2 (MapPartitionsRDD[10] at flatMap at Graph.scala:23)
20/04/09 12:05:38 INFO scheduler.TaskSchedulerImpl: Adding task set 2.0 with 2 tasks
20/04/09 12:05:38 INFO scheduler.DAGScheduler: ShuffleMapStage 3 (map at Graph.scala:21) finished in 2.634 s
20/04/09 12:05:38 INFO scheduler.DAGScheduler: looking for newly runnable stages
20/04/09 12:05:38 INFO scheduler.DAGScheduler: running: Set(ShuffleMapStage 2)
20/04/09 12:05:38 INFO scheduler.DAGScheduler: waiting: Set(ShuffleMapStage 6, ShuffleMapStage 10, ShuffleMapStage 4, ResultStage 11, ShuffleMapStage 8)
20/04/09 12:05:38 INFO scheduler.DAGScheduler: failed: Set()
20/04/09 12:05:38 INFO scheduler.DAGScheduler: Missing parents for ShuffleMapStage 6: List(ShuffleMapStage 4)
20/04/09 12:05:38 INFO scheduler.DAGScheduler: Missing parents for ShuffleMapStage 10: List(ShuffleMapStage 8)
20/04/09 12:05:38 INFO scheduler.DAGScheduler: Missing parents for ShuffleMapStage 4: List(ShuffleMapStage 2)
20/04/09 12:05:38 INFO scheduler.DAGScheduler: Missing parents for ResultStage 11: List(ShuffleMapStage 10)
20/04/09 12:05:38 INFO scheduler.DAGScheduler: Missing parents for ShuffleMapStage 8: List(ShuffleMapStage 6)
20/04/09 12:05:38 INFO scheduler.TaskSetManager: Starting task 0.0 in stage 2.0 (TID 12, 10.22.251.140, PROCESS_LOCAL, 2168 bytes)
20/04/09 12:05:38 INFO scheduler.TaskSetManager: Starting task 1.0 in stage 2.0 (TID 13, 10.22.251.139, PROCESS_LOCAL, 2168 bytes)
20/04/09 12:05:38 INFO storage.BlockManagerInfo: Added broadcast_7_piece0 in memory on 10.22.251.140:39345 (size: 1839.0 B, free: 530.0 MB)
20/04/09 12:05:38 INFO spark.MapOutputTrackerMasterEndpoint: Asked to send map output locations for shuffle 10 to 10.22.251.140:34938
20/04/09 12:05:38 INFO spark.MapOutputTrackerMaster: Size of output statuses for shuffle 10 is 151 bytes
20/04/09 12:05:39 INFO spark.MapOutputTrackerMasterEndpoint: Asked to send map output locations for shuffle 0 to 10.22.251.140:34938
20/04/09 12:05:39 INFO spark.MapOutputTrackerMaster: Size of output statuses for shuffle 0 is 151 bytes
20/04/09 12:05:39 INFO storage.BlockManagerInfo: Added broadcast_7_piece0 in memory on 10.22.251.139:33763 (size: 1839.0 B, free: 530.0 MB)
20/04/09 12:05:39 INFO spark.MapOutputTrackerMasterEndpoint: Asked to send map output locations for shuffle 10 to 10.22.251.139:34652
20/04/09 12:05:39 INFO spark.MapOutputTrackerMasterEndpoint: Asked to send map output locations for shuffle 0 to 10.22.251.139:34652
20/04/09 12:05:40 INFO scheduler.TaskSetManager: Finished task 0.0 in stage 2.0 (TID 12) in 1227 ms on 10.22.251.140 (1/2)
20/04/09 12:05:41 INFO scheduler.TaskSetManager: Finished task 1.0 in stage 2.0 (TID 13) in 2120 ms on 10.22.251.139 (2/2)
20/04/09 12:05:41 INFO scheduler.DAGScheduler: ShuffleMapStage 2 (flatMap at Graph.scala:23) finished in 2.123 s
20/04/09 12:05:41 INFO scheduler.TaskSchedulerImpl: Removed TaskSet 2.0, whose tasks have all completed, from pool 
20/04/09 12:05:41 INFO scheduler.DAGScheduler: looking for newly runnable stages
20/04/09 12:05:41 INFO scheduler.DAGScheduler: running: Set()
20/04/09 12:05:41 INFO scheduler.DAGScheduler: waiting: Set(ShuffleMapStage 6, ShuffleMapStage 10, ShuffleMapStage 4, ResultStage 11, ShuffleMapStage 8)
20/04/09 12:05:41 INFO scheduler.DAGScheduler: failed: Set()
20/04/09 12:05:41 INFO scheduler.DAGScheduler: Missing parents for ShuffleMapStage 6: List(ShuffleMapStage 4)
20/04/09 12:05:41 INFO scheduler.DAGScheduler: Missing parents for ShuffleMapStage 10: List(ShuffleMapStage 8)
20/04/09 12:05:41 INFO scheduler.DAGScheduler: Missing parents for ShuffleMapStage 4: List()
20/04/09 12:05:41 INFO scheduler.DAGScheduler: Missing parents for ResultStage 11: List(ShuffleMapStage 10)
20/04/09 12:05:41 INFO scheduler.DAGScheduler: Missing parents for ShuffleMapStage 8: List(ShuffleMapStage 6)
20/04/09 12:05:41 INFO scheduler.DAGScheduler: Submitting ShuffleMapStage 4 (MapPartitionsRDD[16] at flatMap at Graph.scala:23), which is now runnable
20/04/09 12:05:41 INFO storage.MemoryStore: ensureFreeSpace(3616) called with curMem=174313, maxMem=555755765
20/04/09 12:05:41 INFO storage.MemoryStore: Block broadcast_8 stored as values in memory (estimated size 3.5 KB, free 529.8 MB)
20/04/09 12:05:41 INFO storage.MemoryStore: ensureFreeSpace(1858) called with curMem=177929, maxMem=555755765
20/04/09 12:05:41 INFO storage.MemoryStore: Block broadcast_8_piece0 stored as bytes in memory (estimated size 1858.0 B, free 529.8 MB)
20/04/09 12:05:41 INFO storage.BlockManagerInfo: Added broadcast_8_piece0 in memory on 10.22.251.140:34447 (size: 1858.0 B, free: 530.0 MB)
20/04/09 12:05:41 INFO spark.SparkContext: Created broadcast 8 from broadcast at DAGScheduler.scala:861
20/04/09 12:05:41 INFO scheduler.DAGScheduler: Submitting 2 missing tasks from ShuffleMapStage 4 (MapPartitionsRDD[16] at flatMap at Graph.scala:23)
20/04/09 12:05:41 INFO scheduler.TaskSchedulerImpl: Adding task set 4.0 with 2 tasks
20/04/09 12:05:41 INFO scheduler.TaskSetManager: Starting task 0.0 in stage 4.0 (TID 14, 10.22.251.140, PROCESS_LOCAL, 2168 bytes)
20/04/09 12:05:41 INFO scheduler.TaskSetManager: Starting task 1.0 in stage 4.0 (TID 15, 10.22.251.139, PROCESS_LOCAL, 2168 bytes)
20/04/09 12:05:41 INFO storage.BlockManagerInfo: Added broadcast_8_piece0 in memory on 10.22.251.140:39345 (size: 1858.0 B, free: 530.0 MB)
20/04/09 12:05:41 INFO spark.MapOutputTrackerMasterEndpoint: Asked to send map output locations for shuffle 9 to 10.22.251.140:34938
20/04/09 12:05:41 INFO spark.MapOutputTrackerMaster: Size of output statuses for shuffle 9 is 162 bytes
20/04/09 12:05:41 INFO storage.BlockManagerInfo: Added broadcast_8_piece0 in memory on 10.22.251.139:33763 (size: 1858.0 B, free: 530.0 MB)
20/04/09 12:05:41 INFO spark.MapOutputTrackerMasterEndpoint: Asked to send map output locations for shuffle 9 to 10.22.251.139:34652
20/04/09 12:05:41 INFO spark.MapOutputTrackerMasterEndpoint: Asked to send map output locations for shuffle 1 to 10.22.251.140:34938
20/04/09 12:05:41 INFO spark.MapOutputTrackerMaster: Size of output statuses for shuffle 1 is 151 bytes
20/04/09 12:05:41 INFO spark.MapOutputTrackerMasterEndpoint: Asked to send map output locations for shuffle 1 to 10.22.251.139:34652
20/04/09 12:05:41 INFO scheduler.TaskSetManager: Finished task 0.0 in stage 4.0 (TID 14) in 921 ms on 10.22.251.140 (1/2)
20/04/09 12:05:42 INFO scheduler.TaskSetManager: Finished task 1.0 in stage 4.0 (TID 15) in 1063 ms on 10.22.251.139 (2/2)
20/04/09 12:05:42 INFO scheduler.TaskSchedulerImpl: Removed TaskSet 4.0, whose tasks have all completed, from pool 
20/04/09 12:05:42 INFO scheduler.DAGScheduler: ShuffleMapStage 4 (flatMap at Graph.scala:23) finished in 1.064 s
20/04/09 12:05:42 INFO scheduler.DAGScheduler: looking for newly runnable stages
20/04/09 12:05:42 INFO scheduler.DAGScheduler: running: Set()
20/04/09 12:05:42 INFO scheduler.DAGScheduler: waiting: Set(ShuffleMapStage 6, ShuffleMapStage 10, ResultStage 11, ShuffleMapStage 8)
20/04/09 12:05:42 INFO scheduler.DAGScheduler: failed: Set()
20/04/09 12:05:42 INFO scheduler.DAGScheduler: Missing parents for ShuffleMapStage 6: List()
20/04/09 12:05:42 INFO scheduler.DAGScheduler: Missing parents for ShuffleMapStage 10: List(ShuffleMapStage 8)
20/04/09 12:05:42 INFO scheduler.DAGScheduler: Missing parents for ResultStage 11: List(ShuffleMapStage 10)
20/04/09 12:05:42 INFO scheduler.DAGScheduler: Missing parents for ShuffleMapStage 8: List(ShuffleMapStage 6)
20/04/09 12:05:42 INFO scheduler.DAGScheduler: Submitting ShuffleMapStage 6 (MapPartitionsRDD[22] at flatMap at Graph.scala:23), which is now runnable
20/04/09 12:05:42 INFO storage.MemoryStore: ensureFreeSpace(3616) called with curMem=179787, maxMem=555755765
20/04/09 12:05:42 INFO storage.MemoryStore: Block broadcast_9 stored as values in memory (estimated size 3.5 KB, free 529.8 MB)
20/04/09 12:05:42 INFO storage.MemoryStore: ensureFreeSpace(1856) called with curMem=183403, maxMem=555755765
20/04/09 12:05:42 INFO storage.MemoryStore: Block broadcast_9_piece0 stored as bytes in memory (estimated size 1856.0 B, free 529.8 MB)
20/04/09 12:05:42 INFO storage.BlockManagerInfo: Added broadcast_9_piece0 in memory on 10.22.251.140:34447 (size: 1856.0 B, free: 530.0 MB)
20/04/09 12:05:42 INFO spark.SparkContext: Created broadcast 9 from broadcast at DAGScheduler.scala:861
20/04/09 12:05:42 INFO scheduler.DAGScheduler: Submitting 2 missing tasks from ShuffleMapStage 6 (MapPartitionsRDD[22] at flatMap at Graph.scala:23)
20/04/09 12:05:42 INFO scheduler.TaskSchedulerImpl: Adding task set 6.0 with 2 tasks
20/04/09 12:05:42 INFO scheduler.TaskSetManager: Starting task 0.0 in stage 6.0 (TID 16, 10.22.251.139, PROCESS_LOCAL, 2168 bytes)
20/04/09 12:05:42 INFO scheduler.TaskSetManager: Starting task 1.0 in stage 6.0 (TID 17, 10.22.251.140, PROCESS_LOCAL, 2168 bytes)
20/04/09 12:05:42 INFO storage.BlockManagerInfo: Added broadcast_9_piece0 in memory on 10.22.251.140:39345 (size: 1856.0 B, free: 530.0 MB)
20/04/09 12:05:42 INFO storage.BlockManagerInfo: Added broadcast_9_piece0 in memory on 10.22.251.139:33763 (size: 1856.0 B, free: 530.0 MB)
20/04/09 12:05:42 INFO spark.MapOutputTrackerMasterEndpoint: Asked to send map output locations for shuffle 8 to 10.22.251.140:34938
20/04/09 12:05:42 INFO spark.MapOutputTrackerMaster: Size of output statuses for shuffle 8 is 162 bytes
20/04/09 12:05:42 INFO spark.MapOutputTrackerMasterEndpoint: Asked to send map output locations for shuffle 8 to 10.22.251.139:34652
20/04/09 12:05:42 INFO spark.MapOutputTrackerMasterEndpoint: Asked to send map output locations for shuffle 2 to 10.22.251.140:34938
20/04/09 12:05:42 INFO spark.MapOutputTrackerMaster: Size of output statuses for shuffle 2 is 151 bytes
20/04/09 12:05:42 INFO spark.MapOutputTrackerMasterEndpoint: Asked to send map output locations for shuffle 2 to 10.22.251.139:34652
20/04/09 12:05:42 INFO scheduler.TaskSetManager: Finished task 1.0 in stage 6.0 (TID 17) in 861 ms on 10.22.251.140 (1/2)
20/04/09 12:05:42 INFO scheduler.TaskSetManager: Finished task 0.0 in stage 6.0 (TID 16) in 891 ms on 10.22.251.139 (2/2)
20/04/09 12:05:42 INFO scheduler.TaskSchedulerImpl: Removed TaskSet 6.0, whose tasks have all completed, from pool 
20/04/09 12:05:42 INFO scheduler.DAGScheduler: ShuffleMapStage 6 (flatMap at Graph.scala:23) finished in 0.891 s
20/04/09 12:05:42 INFO scheduler.DAGScheduler: looking for newly runnable stages
20/04/09 12:05:42 INFO scheduler.DAGScheduler: running: Set()
20/04/09 12:05:42 INFO scheduler.DAGScheduler: waiting: Set(ShuffleMapStage 10, ResultStage 11, ShuffleMapStage 8)
20/04/09 12:05:42 INFO scheduler.DAGScheduler: failed: Set()
20/04/09 12:05:42 INFO scheduler.DAGScheduler: Missing parents for ShuffleMapStage 10: List(ShuffleMapStage 8)
20/04/09 12:05:42 INFO scheduler.DAGScheduler: Missing parents for ResultStage 11: List(ShuffleMapStage 10)
20/04/09 12:05:42 INFO scheduler.DAGScheduler: Missing parents for ShuffleMapStage 8: List()
20/04/09 12:05:42 INFO scheduler.DAGScheduler: Submitting ShuffleMapStage 8 (MapPartitionsRDD[28] at flatMap at Graph.scala:23), which is now runnable
20/04/09 12:05:42 INFO storage.MemoryStore: ensureFreeSpace(3616) called with curMem=185259, maxMem=555755765
20/04/09 12:05:42 INFO storage.MemoryStore: Block broadcast_10 stored as values in memory (estimated size 3.5 KB, free 529.8 MB)
20/04/09 12:05:42 INFO storage.MemoryStore: ensureFreeSpace(1857) called with curMem=188875, maxMem=555755765
20/04/09 12:05:42 INFO storage.MemoryStore: Block broadcast_10_piece0 stored as bytes in memory (estimated size 1857.0 B, free 529.8 MB)
20/04/09 12:05:42 INFO storage.BlockManagerInfo: Added broadcast_10_piece0 in memory on 10.22.251.140:34447 (size: 1857.0 B, free: 530.0 MB)
20/04/09 12:05:42 INFO spark.SparkContext: Created broadcast 10 from broadcast at DAGScheduler.scala:861
20/04/09 12:05:42 INFO scheduler.DAGScheduler: Submitting 2 missing tasks from ShuffleMapStage 8 (MapPartitionsRDD[28] at flatMap at Graph.scala:23)
20/04/09 12:05:42 INFO scheduler.TaskSchedulerImpl: Adding task set 8.0 with 2 tasks
20/04/09 12:05:42 INFO scheduler.TaskSetManager: Starting task 0.0 in stage 8.0 (TID 18, 10.22.251.140, PROCESS_LOCAL, 2168 bytes)
20/04/09 12:05:42 INFO scheduler.TaskSetManager: Starting task 1.0 in stage 8.0 (TID 19, 10.22.251.139, PROCESS_LOCAL, 2168 bytes)
20/04/09 12:05:42 INFO storage.BlockManagerInfo: Added broadcast_10_piece0 in memory on 10.22.251.140:39345 (size: 1857.0 B, free: 530.0 MB)
20/04/09 12:05:42 INFO storage.BlockManagerInfo: Added broadcast_10_piece0 in memory on 10.22.251.139:33763 (size: 1857.0 B, free: 530.0 MB)
20/04/09 12:05:42 INFO spark.MapOutputTrackerMasterEndpoint: Asked to send map output locations for shuffle 7 to 10.22.251.140:34938
20/04/09 12:05:42 INFO spark.MapOutputTrackerMaster: Size of output statuses for shuffle 7 is 162 bytes
20/04/09 12:05:42 INFO spark.MapOutputTrackerMasterEndpoint: Asked to send map output locations for shuffle 7 to 10.22.251.139:34652
20/04/09 12:05:43 INFO spark.MapOutputTrackerMasterEndpoint: Asked to send map output locations for shuffle 3 to 10.22.251.140:34938
20/04/09 12:05:43 INFO spark.MapOutputTrackerMaster: Size of output statuses for shuffle 3 is 151 bytes
20/04/09 12:05:43 INFO spark.MapOutputTrackerMasterEndpoint: Asked to send map output locations for shuffle 3 to 10.22.251.139:34652
20/04/09 12:05:43 INFO scheduler.TaskSetManager: Finished task 0.0 in stage 8.0 (TID 18) in 832 ms on 10.22.251.140 (1/2)
20/04/09 12:05:43 INFO scheduler.TaskSetManager: Finished task 1.0 in stage 8.0 (TID 19) in 847 ms on 10.22.251.139 (2/2)
20/04/09 12:05:43 INFO scheduler.DAGScheduler: ShuffleMapStage 8 (flatMap at Graph.scala:23) finished in 0.848 s
20/04/09 12:05:43 INFO scheduler.TaskSchedulerImpl: Removed TaskSet 8.0, whose tasks have all completed, from pool 
20/04/09 12:05:43 INFO scheduler.DAGScheduler: looking for newly runnable stages
20/04/09 12:05:43 INFO scheduler.DAGScheduler: running: Set()
20/04/09 12:05:43 INFO scheduler.DAGScheduler: waiting: Set(ShuffleMapStage 10, ResultStage 11)
20/04/09 12:05:43 INFO scheduler.DAGScheduler: failed: Set()
20/04/09 12:05:43 INFO scheduler.DAGScheduler: Missing parents for ShuffleMapStage 10: List()
20/04/09 12:05:43 INFO scheduler.DAGScheduler: Missing parents for ResultStage 11: List(ShuffleMapStage 10)
20/04/09 12:05:43 INFO scheduler.DAGScheduler: Submitting ShuffleMapStage 10 (MapPartitionsRDD[34] at map at Graph.scala:26), which is now runnable
20/04/09 12:05:43 INFO storage.MemoryStore: ensureFreeSpace(3528) called with curMem=190732, maxMem=555755765
20/04/09 12:05:43 INFO storage.MemoryStore: Block broadcast_11 stored as values in memory (estimated size 3.4 KB, free 529.8 MB)
20/04/09 12:05:43 INFO storage.MemoryStore: ensureFreeSpace(1844) called with curMem=194260, maxMem=555755765
20/04/09 12:05:43 INFO storage.MemoryStore: Block broadcast_11_piece0 stored as bytes in memory (estimated size 1844.0 B, free 529.8 MB)
20/04/09 12:05:43 INFO storage.BlockManagerInfo: Added broadcast_11_piece0 in memory on 10.22.251.140:34447 (size: 1844.0 B, free: 530.0 MB)
20/04/09 12:05:43 INFO spark.SparkContext: Created broadcast 11 from broadcast at DAGScheduler.scala:861
20/04/09 12:05:43 INFO scheduler.DAGScheduler: Submitting 2 missing tasks from ShuffleMapStage 10 (MapPartitionsRDD[34] at map at Graph.scala:26)
20/04/09 12:05:43 INFO scheduler.TaskSchedulerImpl: Adding task set 10.0 with 2 tasks
20/04/09 12:05:43 INFO scheduler.TaskSetManager: Starting task 0.0 in stage 10.0 (TID 20, 10.22.251.140, PROCESS_LOCAL, 2168 bytes)
20/04/09 12:05:43 INFO scheduler.TaskSetManager: Starting task 1.0 in stage 10.0 (TID 21, 10.22.251.139, PROCESS_LOCAL, 2168 bytes)
20/04/09 12:05:43 INFO storage.BlockManagerInfo: Added broadcast_11_piece0 in memory on 10.22.251.140:39345 (size: 1844.0 B, free: 530.0 MB)
20/04/09 12:05:43 INFO storage.BlockManagerInfo: Added broadcast_11_piece0 in memory on 10.22.251.139:33763 (size: 1844.0 B, free: 530.0 MB)
20/04/09 12:05:43 INFO spark.MapOutputTrackerMasterEndpoint: Asked to send map output locations for shuffle 6 to 10.22.251.140:34938
20/04/09 12:05:43 INFO spark.MapOutputTrackerMaster: Size of output statuses for shuffle 6 is 162 bytes
20/04/09 12:05:43 INFO spark.MapOutputTrackerMasterEndpoint: Asked to send map output locations for shuffle 6 to 10.22.251.139:34652
20/04/09 12:05:43 INFO spark.MapOutputTrackerMasterEndpoint: Asked to send map output locations for shuffle 4 to 10.22.251.140:34938
20/04/09 12:05:43 INFO spark.MapOutputTrackerMaster: Size of output statuses for shuffle 4 is 151 bytes
20/04/09 12:05:43 INFO spark.MapOutputTrackerMasterEndpoint: Asked to send map output locations for shuffle 4 to 10.22.251.139:34652
20/04/09 12:05:44 INFO scheduler.TaskSetManager: Finished task 0.0 in stage 10.0 (TID 20) in 549 ms on 10.22.251.140 (1/2)
20/04/09 12:05:44 INFO scheduler.TaskSetManager: Finished task 1.0 in stage 10.0 (TID 21) in 561 ms on 10.22.251.139 (2/2)
20/04/09 12:05:44 INFO scheduler.DAGScheduler: ShuffleMapStage 10 (map at Graph.scala:26) finished in 0.562 s
20/04/09 12:05:44 INFO scheduler.TaskSchedulerImpl: Removed TaskSet 10.0, whose tasks have all completed, from pool 
20/04/09 12:05:44 INFO scheduler.DAGScheduler: looking for newly runnable stages
20/04/09 12:05:44 INFO scheduler.DAGScheduler: running: Set()
20/04/09 12:05:44 INFO scheduler.DAGScheduler: waiting: Set(ResultStage 11)
20/04/09 12:05:44 INFO scheduler.DAGScheduler: failed: Set()
20/04/09 12:05:44 INFO scheduler.DAGScheduler: Missing parents for ResultStage 11: List()
20/04/09 12:05:44 INFO scheduler.DAGScheduler: Submitting ResultStage 11 (MapPartitionsRDD[37] at sortByKey at Graph.scala:26), which is now runnable
20/04/09 12:05:44 INFO storage.MemoryStore: ensureFreeSpace(3208) called with curMem=196104, maxMem=555755765
20/04/09 12:05:44 INFO storage.MemoryStore: Block broadcast_12 stored as values in memory (estimated size 3.1 KB, free 529.8 MB)
20/04/09 12:05:44 INFO storage.MemoryStore: ensureFreeSpace(1860) called with curMem=199312, maxMem=555755765
20/04/09 12:05:44 INFO storage.MemoryStore: Block broadcast_12_piece0 stored as bytes in memory (estimated size 1860.0 B, free 529.8 MB)
20/04/09 12:05:44 INFO storage.BlockManagerInfo: Added broadcast_12_piece0 in memory on 10.22.251.140:34447 (size: 1860.0 B, free: 530.0 MB)
20/04/09 12:05:44 INFO spark.SparkContext: Created broadcast 12 from broadcast at DAGScheduler.scala:861
20/04/09 12:05:44 INFO scheduler.DAGScheduler: Submitting 2 missing tasks from ResultStage 11 (MapPartitionsRDD[37] at sortByKey at Graph.scala:26)
20/04/09 12:05:44 INFO scheduler.TaskSchedulerImpl: Adding task set 11.0 with 2 tasks
20/04/09 12:05:44 INFO scheduler.TaskSetManager: Starting task 0.0 in stage 11.0 (TID 22, 10.22.251.139, PROCESS_LOCAL, 1952 bytes)
20/04/09 12:05:44 INFO scheduler.TaskSetManager: Starting task 1.0 in stage 11.0 (TID 23, 10.22.251.140, PROCESS_LOCAL, 1952 bytes)
20/04/09 12:05:44 INFO storage.BlockManagerInfo: Added broadcast_12_piece0 in memory on 10.22.251.139:33763 (size: 1860.0 B, free: 530.0 MB)
20/04/09 12:05:44 INFO storage.BlockManagerInfo: Added broadcast_12_piece0 in memory on 10.22.251.140:39345 (size: 1860.0 B, free: 530.0 MB)
20/04/09 12:05:44 INFO spark.MapOutputTrackerMasterEndpoint: Asked to send map output locations for shuffle 5 to 10.22.251.139:34652
20/04/09 12:05:44 INFO spark.MapOutputTrackerMaster: Size of output statuses for shuffle 5 is 165 bytes
20/04/09 12:05:44 INFO spark.MapOutputTrackerMasterEndpoint: Asked to send map output locations for shuffle 5 to 10.22.251.140:34938
20/04/09 12:05:44 INFO scheduler.TaskSetManager: Finished task 1.0 in stage 11.0 (TID 23) in 23 ms on 10.22.251.140 (1/2)
20/04/09 12:05:44 INFO scheduler.TaskSetManager: Finished task 0.0 in stage 11.0 (TID 22) in 24 ms on 10.22.251.139 (2/2)
20/04/09 12:05:44 INFO scheduler.TaskSchedulerImpl: Removed TaskSet 11.0, whose tasks have all completed, from pool 
20/04/09 12:05:44 INFO scheduler.DAGScheduler: ResultStage 11 (sortByKey at Graph.scala:26) finished in 0.024 s
20/04/09 12:05:44 INFO scheduler.DAGScheduler: Job 0 finished: sortByKey at Graph.scala:26, took 8.242509 s
20/04/09 12:05:44 INFO spark.SparkContext: Starting job: collect at Graph.scala:26
20/04/09 12:05:44 INFO spark.MapOutputTrackerMaster: Size of output statuses for shuffle 10 is 151 bytes
20/04/09 12:05:44 INFO spark.MapOutputTrackerMaster: Size of output statuses for shuffle 0 is 151 bytes
20/04/09 12:05:44 INFO spark.MapOutputTrackerMaster: Size of output statuses for shuffle 9 is 162 bytes
20/04/09 12:05:44 INFO spark.MapOutputTrackerMaster: Size of output statuses for shuffle 1 is 151 bytes
20/04/09 12:05:44 INFO spark.MapOutputTrackerMaster: Size of output statuses for shuffle 8 is 162 bytes
20/04/09 12:05:44 INFO spark.MapOutputTrackerMaster: Size of output statuses for shuffle 2 is 151 bytes
20/04/09 12:05:44 INFO spark.MapOutputTrackerMaster: Size of output statuses for shuffle 7 is 162 bytes
20/04/09 12:05:44 INFO spark.MapOutputTrackerMaster: Size of output statuses for shuffle 3 is 151 bytes
20/04/09 12:05:44 INFO spark.MapOutputTrackerMaster: Size of output statuses for shuffle 6 is 162 bytes
20/04/09 12:05:44 INFO spark.MapOutputTrackerMaster: Size of output statuses for shuffle 4 is 151 bytes
20/04/09 12:05:44 INFO scheduler.DAGScheduler: Registering RDD 35 (reduceByKey at Graph.scala:26)
20/04/09 12:05:44 INFO scheduler.DAGScheduler: Got job 1 (collect at Graph.scala:26) with 2 output partitions
20/04/09 12:05:44 INFO scheduler.DAGScheduler: Final stage: ResultStage 24(collect at Graph.scala:26)
20/04/09 12:05:44 INFO scheduler.DAGScheduler: Parents of final stage: List(ShuffleMapStage 23)
20/04/09 12:05:44 INFO scheduler.DAGScheduler: Missing parents: List(ShuffleMapStage 23)
20/04/09 12:05:44 INFO scheduler.DAGScheduler: Submitting ShuffleMapStage 23 (ShuffledRDD[35] at reduceByKey at Graph.scala:26), which has no missing parents
20/04/09 12:05:44 INFO storage.MemoryStore: ensureFreeSpace(2656) called with curMem=201172, maxMem=555755765
20/04/09 12:05:44 INFO storage.MemoryStore: Block broadcast_13 stored as values in memory (estimated size 2.6 KB, free 529.8 MB)
20/04/09 12:05:44 INFO storage.MemoryStore: ensureFreeSpace(1607) called with curMem=203828, maxMem=555755765
20/04/09 12:05:44 INFO storage.MemoryStore: Block broadcast_13_piece0 stored as bytes in memory (estimated size 1607.0 B, free 529.8 MB)
20/04/09 12:05:44 INFO storage.BlockManagerInfo: Added broadcast_13_piece0 in memory on 10.22.251.140:34447 (size: 1607.0 B, free: 530.0 MB)
20/04/09 12:05:44 INFO spark.SparkContext: Created broadcast 13 from broadcast at DAGScheduler.scala:861
20/04/09 12:05:44 INFO scheduler.DAGScheduler: Submitting 2 missing tasks from ShuffleMapStage 23 (ShuffledRDD[35] at reduceByKey at Graph.scala:26)
20/04/09 12:05:44 INFO scheduler.TaskSchedulerImpl: Adding task set 23.0 with 2 tasks
20/04/09 12:05:44 INFO scheduler.TaskSetManager: Starting task 0.0 in stage 23.0 (TID 24, 10.22.251.139, PROCESS_LOCAL, 1941 bytes)
20/04/09 12:05:44 INFO scheduler.TaskSetManager: Starting task 1.0 in stage 23.0 (TID 25, 10.22.251.140, PROCESS_LOCAL, 1941 bytes)
20/04/09 12:05:44 INFO storage.BlockManagerInfo: Added broadcast_13_piece0 in memory on 10.22.251.139:33763 (size: 1607.0 B, free: 530.0 MB)
20/04/09 12:05:44 INFO storage.BlockManagerInfo: Added broadcast_13_piece0 in memory on 10.22.251.140:39345 (size: 1607.0 B, free: 530.0 MB)
20/04/09 12:05:44 INFO scheduler.TaskSetManager: Finished task 1.0 in stage 23.0 (TID 25) in 16 ms on 10.22.251.140 (1/2)
20/04/09 12:05:44 INFO scheduler.TaskSetManager: Finished task 0.0 in stage 23.0 (TID 24) in 19 ms on 10.22.251.139 (2/2)
20/04/09 12:05:44 INFO scheduler.DAGScheduler: ShuffleMapStage 23 (reduceByKey at Graph.scala:26) finished in 0.019 s
20/04/09 12:05:44 INFO scheduler.TaskSchedulerImpl: Removed TaskSet 23.0, whose tasks have all completed, from pool 
20/04/09 12:05:44 INFO scheduler.DAGScheduler: looking for newly runnable stages
20/04/09 12:05:44 INFO scheduler.DAGScheduler: running: Set()
20/04/09 12:05:44 INFO scheduler.DAGScheduler: waiting: Set(ResultStage 24)
20/04/09 12:05:44 INFO scheduler.DAGScheduler: failed: Set()
20/04/09 12:05:44 INFO scheduler.DAGScheduler: Missing parents for ResultStage 24: List()
20/04/09 12:05:44 INFO scheduler.DAGScheduler: Submitting ResultStage 24 (ShuffledRDD[38] at sortByKey at Graph.scala:26), which is now runnable
20/04/09 12:05:44 INFO storage.MemoryStore: ensureFreeSpace(2568) called with curMem=205435, maxMem=555755765
20/04/09 12:05:44 INFO storage.MemoryStore: Block broadcast_14 stored as values in memory (estimated size 2.5 KB, free 529.8 MB)
20/04/09 12:05:44 INFO storage.MemoryStore: ensureFreeSpace(1521) called with curMem=208003, maxMem=555755765
20/04/09 12:05:44 INFO storage.MemoryStore: Block broadcast_14_piece0 stored as bytes in memory (estimated size 1521.0 B, free 529.8 MB)
20/04/09 12:05:44 INFO storage.BlockManagerInfo: Added broadcast_14_piece0 in memory on 10.22.251.140:34447 (size: 1521.0 B, free: 530.0 MB)
20/04/09 12:05:44 INFO spark.SparkContext: Created broadcast 14 from broadcast at DAGScheduler.scala:861
20/04/09 12:05:44 INFO scheduler.DAGScheduler: Submitting 2 missing tasks from ResultStage 24 (ShuffledRDD[38] at sortByKey at Graph.scala:26)
20/04/09 12:05:44 INFO scheduler.TaskSchedulerImpl: Adding task set 24.0 with 2 tasks
20/04/09 12:05:44 INFO scheduler.TaskSetManager: Starting task 0.0 in stage 24.0 (TID 26, 10.22.251.139, PROCESS_LOCAL, 1952 bytes)
20/04/09 12:05:44 INFO scheduler.TaskSetManager: Starting task 1.0 in stage 24.0 (TID 27, 10.22.251.140, PROCESS_LOCAL, 1952 bytes)
20/04/09 12:05:44 INFO storage.BlockManagerInfo: Added broadcast_14_piece0 in memory on 10.22.251.140:39345 (size: 1521.0 B, free: 530.0 MB)
20/04/09 12:05:44 INFO storage.BlockManagerInfo: Added broadcast_14_piece0 in memory on 10.22.251.139:33763 (size: 1521.0 B, free: 530.0 MB)
20/04/09 12:05:44 INFO spark.MapOutputTrackerMasterEndpoint: Asked to send map output locations for shuffle 11 to 10.22.251.140:34938
20/04/09 12:05:44 INFO spark.MapOutputTrackerMaster: Size of output statuses for shuffle 11 is 165 bytes
20/04/09 12:05:44 INFO spark.MapOutputTrackerMasterEndpoint: Asked to send map output locations for shuffle 11 to 10.22.251.139:34652
20/04/09 12:05:44 INFO scheduler.TaskSetManager: Finished task 1.0 in stage 24.0 (TID 27) in 16 ms on 10.22.251.140 (1/2)
20/04/09 12:05:44 INFO scheduler.TaskSetManager: Finished task 0.0 in stage 24.0 (TID 26) in 16 ms on 10.22.251.139 (2/2)
20/04/09 12:05:44 INFO scheduler.DAGScheduler: ResultStage 24 (collect at Graph.scala:26) finished in 0.016 s
20/04/09 12:05:44 INFO scheduler.TaskSchedulerImpl: Removed TaskSet 24.0, whose tasks have all completed, from pool 
20/04/09 12:05:44 INFO scheduler.DAGScheduler: Job 1 finished: collect at Graph.scala:26, took 0.052920 s
(0,92983)
(1,5847)
(2,752)
(3,331)
(4,46)
(5,22)
(6,12)
(7,2)
(8,1)
(9,2)
(10,1)
(11,1)
20/04/09 12:05:44 INFO spark.SparkContext: Invoking stop() from shutdown hook
20/04/09 12:05:44 INFO handler.ContextHandler: stopped o.s.j.s.ServletContextHandler{/metrics/json,null}
20/04/09 12:05:44 INFO handler.ContextHandler: stopped o.s.j.s.ServletContextHandler{/stages/stage/kill,null}
20/04/09 12:05:44 INFO handler.ContextHandler: stopped o.s.j.s.ServletContextHandler{/api,null}
20/04/09 12:05:44 INFO handler.ContextHandler: stopped o.s.j.s.ServletContextHandler{/,null}
20/04/09 12:05:44 INFO handler.ContextHandler: stopped o.s.j.s.ServletContextHandler{/static,null}
20/04/09 12:05:44 INFO handler.ContextHandler: stopped o.s.j.s.ServletContextHandler{/executors/threadDump/json,null}
20/04/09 12:05:44 INFO handler.ContextHandler: stopped o.s.j.s.ServletContextHandler{/executors/threadDump,null}
20/04/09 12:05:44 INFO handler.ContextHandler: stopped o.s.j.s.ServletContextHandler{/executors/json,null}
20/04/09 12:05:44 INFO handler.ContextHandler: stopped o.s.j.s.ServletContextHandler{/executors,null}
20/04/09 12:05:44 INFO handler.ContextHandler: stopped o.s.j.s.ServletContextHandler{/environment/json,null}
20/04/09 12:05:44 INFO handler.ContextHandler: stopped o.s.j.s.ServletContextHandler{/environment,null}
20/04/09 12:05:44 INFO handler.ContextHandler: stopped o.s.j.s.ServletContextHandler{/storage/rdd/json,null}
20/04/09 12:05:44 INFO handler.ContextHandler: stopped o.s.j.s.ServletContextHandler{/storage/rdd,null}
20/04/09 12:05:44 INFO handler.ContextHandler: stopped o.s.j.s.ServletContextHandler{/storage/json,null}
20/04/09 12:05:44 INFO handler.ContextHandler: stopped o.s.j.s.ServletContextHandler{/storage,null}
20/04/09 12:05:44 INFO handler.ContextHandler: stopped o.s.j.s.ServletContextHandler{/stages/pool/json,null}
20/04/09 12:05:44 INFO handler.ContextHandler: stopped o.s.j.s.ServletContextHandler{/stages/pool,null}
20/04/09 12:05:44 INFO handler.ContextHandler: stopped o.s.j.s.ServletContextHandler{/stages/stage/json,null}
20/04/09 12:05:44 INFO handler.ContextHandler: stopped o.s.j.s.ServletContextHandler{/stages/stage,null}
20/04/09 12:05:44 INFO handler.ContextHandler: stopped o.s.j.s.ServletContextHandler{/stages/json,null}
20/04/09 12:05:44 INFO handler.ContextHandler: stopped o.s.j.s.ServletContextHandler{/stages,null}
20/04/09 12:05:44 INFO handler.ContextHandler: stopped o.s.j.s.ServletContextHandler{/jobs/job/json,null}
20/04/09 12:05:44 INFO handler.ContextHandler: stopped o.s.j.s.ServletContextHandler{/jobs/job,null}
20/04/09 12:05:44 INFO handler.ContextHandler: stopped o.s.j.s.ServletContextHandler{/jobs/json,null}
20/04/09 12:05:44 INFO handler.ContextHandler: stopped o.s.j.s.ServletContextHandler{/jobs,null}
20/04/09 12:05:44 INFO ui.SparkUI: Stopped Spark web UI at http://10.22.251.140:4040
20/04/09 12:05:44 INFO scheduler.DAGScheduler: Stopping DAGScheduler
20/04/09 12:05:44 INFO cluster.SparkDeploySchedulerBackend: Shutting down all executors
20/04/09 12:05:44 INFO cluster.SparkDeploySchedulerBackend: Asking each executor to shut down
20/04/09 12:05:44 INFO spark.MapOutputTrackerMasterEndpoint: MapOutputTrackerMasterEndpoint stopped!
20/04/09 12:05:44 INFO storage.MemoryStore: MemoryStore cleared
20/04/09 12:05:44 INFO storage.BlockManager: BlockManager stopped
20/04/09 12:05:44 INFO storage.BlockManagerMaster: BlockManagerMaster stopped
20/04/09 12:05:44 INFO scheduler.OutputCommitCoordinator$OutputCommitCoordinatorEndpoint: OutputCommitCoordinator stopped!
20/04/09 12:05:44 INFO spark.SparkContext: Successfully stopped SparkContext
20/04/09 12:05:44 INFO util.ShutdownHookManager: Shutdown hook called
20/04/09 12:05:44 INFO util.ShutdownHookManager: Deleting directory /tmp/spark-70e61b47-aa71-428b-ac8a-a39893277aca
20/04/09 12:05:44 INFO remote.RemoteActorRefProvider$RemotingTerminator: Shutting down remote daemon.
20/04/09 12:05:44 INFO remote.RemoteActorRefProvider$RemotingTerminator: Remote daemon shut down; proceeding with flushing remote transports.
20/04/09 12:05:44 INFO remote.RemoteActorRefProvider$RemotingTerminator: Remoting shut down.
stopping yarn daemons
stopping resourcemanager
comet-17-60.ibnet: stopping nodemanager
comet-17-59.ibnet: stopping nodemanager
no proxyserver to stop
Stopping namenodes on [comet-17-59.ibnet]
comet-17-59.ibnet: stopping namenode
comet-17-60.ibnet: stopping datanode
comet-17-59.ibnet: stopping datanode
Stopping secondary namenodes [comet-17-59.ibnet]
comet-17-59.ibnet: stopping secondarynamenode
Copying Hadoop logs back to /home/cxb8014/cometcluster/logs...
‘/scratch/cxb8014/32509300/logs’ -> ‘/home/cxb8014/cometcluster/logs’
‘/scratch/cxb8014/32509300/logs/hadoop-cxb8014-datanode-comet-17-59.sdsc.edu.log’ -> ‘/home/cxb8014/cometcluster/logs/hadoop-cxb8014-datanode-comet-17-59.sdsc.edu.log’
‘/scratch/cxb8014/32509300/logs/hadoop-cxb8014-secondarynamenode-comet-17-59.sdsc.edu.log’ -> ‘/home/cxb8014/cometcluster/logs/hadoop-cxb8014-secondarynamenode-comet-17-59.sdsc.edu.log’
‘/scratch/cxb8014/32509300/logs/yarn-cxb8014-resourcemanager-comet-17-59.log’ -> ‘/home/cxb8014/cometcluster/logs/yarn-cxb8014-resourcemanager-comet-17-59.log’
‘/scratch/cxb8014/32509300/logs/yarn-cxb8014-nodemanager-comet-17-59.sdsc.edu.log’ -> ‘/home/cxb8014/cometcluster/logs/yarn-cxb8014-nodemanager-comet-17-59.sdsc.edu.log’
‘/scratch/cxb8014/32509300/logs/hadoop-cxb8014-namenode-comet-17-59.sdsc.edu.log’ -> ‘/home/cxb8014/cometcluster/logs/hadoop-cxb8014-namenode-comet-17-59.sdsc.edu.log’
‘/scratch/cxb8014/32509300/logs/userlogs’ -> ‘/home/cxb8014/cometcluster/logs/userlogs’
‘/scratch/cxb8014/32509300/logs/yarn-cxb8014-nodemanager-comet-17-59.sdsc.edu.out’ -> ‘/home/cxb8014/cometcluster/logs/yarn-cxb8014-nodemanager-comet-17-59.sdsc.edu.out’
‘/scratch/cxb8014/32509300/logs/hadoop-cxb8014-namenode-comet-17-59.sdsc.edu.out’ -> ‘/home/cxb8014/cometcluster/logs/hadoop-cxb8014-namenode-comet-17-59.sdsc.edu.out’
‘/scratch/cxb8014/32509300/logs/hadoop-cxb8014-secondarynamenode-comet-17-59.sdsc.edu.out’ -> ‘/home/cxb8014/cometcluster/logs/hadoop-cxb8014-secondarynamenode-comet-17-59.sdsc.edu.out’
‘/scratch/cxb8014/32509300/logs/yarn-cxb8014-resourcemanager-comet-17-59.out’ -> ‘/home/cxb8014/cometcluster/logs/yarn-cxb8014-resourcemanager-comet-17-59.out’
‘/scratch/cxb8014/32509300/logs/hadoop-cxb8014-datanode-comet-17-59.sdsc.edu.out’ -> ‘/home/cxb8014/cometcluster/logs/hadoop-cxb8014-datanode-comet-17-59.sdsc.edu.out’
‘/scratch/cxb8014/32509300/logs/spark-cxb8014-org.apache.spark.deploy.worker.Worker-1-comet-17-59.sdsc.edu.out’ -> ‘/home/cxb8014/cometcluster/logs/spark-cxb8014-org.apache.spark.deploy.worker.Worker-1-comet-17-59.sdsc.edu.out’
‘/scratch/cxb8014/32509300/logs/SecurityAuth-cxb8014.audit’ -> ‘/home/cxb8014/cometcluster/logs/SecurityAuth-cxb8014.audit’
‘/scratch/cxb8014/32509300/logs/spark-cxb8014-org.apache.spark.deploy.master.Master-1-comet-17-59.out’ -> ‘/home/cxb8014/cometcluster/logs/spark-cxb8014-org.apache.spark.deploy.master.Master-1-comet-17-59.out’
removed directory: ‘/scratch/cxb8014/32509300/mapred_scratch/usercache’
removed directory: ‘/scratch/cxb8014/32509300/mapred_scratch/nmPrivate’
removed directory: ‘/scratch/cxb8014/32509300/mapred_scratch/filecache’
removed directory: ‘/scratch/cxb8014/32509300/mapred_scratch’
removed directory: ‘/scratch/cxb8014/32509300/tmp/dfs/namesecondary’
removed directory: ‘/scratch/cxb8014/32509300/tmp/dfs’
removed directory: ‘/scratch/cxb8014/32509300/tmp’
removed ‘/scratch/cxb8014/32509300/namenode_data/current/VERSION’
removed ‘/scratch/cxb8014/32509300/namenode_data/current/fsimage_0000000000000000000.md5’
removed ‘/scratch/cxb8014/32509300/namenode_data/current/fsimage_0000000000000000000’
removed ‘/scratch/cxb8014/32509300/namenode_data/current/edits_inprogress_0000000000000000001’
removed ‘/scratch/cxb8014/32509300/namenode_data/current/seen_txid’
removed directory: ‘/scratch/cxb8014/32509300/namenode_data/current’
removed directory: ‘/scratch/cxb8014/32509300/namenode_data’
removed ‘/scratch/cxb8014/32509300/hdfs_data/current/VERSION’
removed ‘/scratch/cxb8014/32509300/hdfs_data/current/BP-721709835-198.202.117.43-1586459104786/dncp_block_verification.log.curr’
removed directory: ‘/scratch/cxb8014/32509300/hdfs_data/current/BP-721709835-198.202.117.43-1586459104786/tmp’
removed ‘/scratch/cxb8014/32509300/hdfs_data/current/BP-721709835-198.202.117.43-1586459104786/dncp_block_verification.log.prev’
removed ‘/scratch/cxb8014/32509300/hdfs_data/current/BP-721709835-198.202.117.43-1586459104786/current/dfsUsed’
removed ‘/scratch/cxb8014/32509300/hdfs_data/current/BP-721709835-198.202.117.43-1586459104786/current/VERSION’
removed directory: ‘/scratch/cxb8014/32509300/hdfs_data/current/BP-721709835-198.202.117.43-1586459104786/current/rbw’
removed ‘/scratch/cxb8014/32509300/hdfs_data/current/BP-721709835-198.202.117.43-1586459104786/current/finalized/subdir0/subdir0/blk_1073741825_1001.meta’
removed ‘/scratch/cxb8014/32509300/hdfs_data/current/BP-721709835-198.202.117.43-1586459104786/current/finalized/subdir0/subdir0/blk_1073741825’
removed directory: ‘/scratch/cxb8014/32509300/hdfs_data/current/BP-721709835-198.202.117.43-1586459104786/current/finalized/subdir0/subdir0’
removed directory: ‘/scratch/cxb8014/32509300/hdfs_data/current/BP-721709835-198.202.117.43-1586459104786/current/finalized/subdir0’
removed directory: ‘/scratch/cxb8014/32509300/hdfs_data/current/BP-721709835-198.202.117.43-1586459104786/current/finalized’
removed directory: ‘/scratch/cxb8014/32509300/hdfs_data/current/BP-721709835-198.202.117.43-1586459104786/current’
removed directory: ‘/scratch/cxb8014/32509300/hdfs_data/current/BP-721709835-198.202.117.43-1586459104786’
removed directory: ‘/scratch/cxb8014/32509300/hdfs_data/current’
removed directory: ‘/scratch/cxb8014/32509300/hdfs_data’
removed directory: ‘/scratch/cxb8014/32509300/pids’
removed ‘/scratch/cxb8014/32509300/logs/hadoop-cxb8014-datanode-comet-17-59.sdsc.edu.log’
removed ‘/scratch/cxb8014/32509300/logs/hadoop-cxb8014-secondarynamenode-comet-17-59.sdsc.edu.log’
removed ‘/scratch/cxb8014/32509300/logs/yarn-cxb8014-resourcemanager-comet-17-59.log’
removed ‘/scratch/cxb8014/32509300/logs/yarn-cxb8014-nodemanager-comet-17-59.sdsc.edu.log’
removed ‘/scratch/cxb8014/32509300/logs/hadoop-cxb8014-namenode-comet-17-59.sdsc.edu.log’
removed directory: ‘/scratch/cxb8014/32509300/logs/userlogs’
removed ‘/scratch/cxb8014/32509300/logs/yarn-cxb8014-nodemanager-comet-17-59.sdsc.edu.out’
removed ‘/scratch/cxb8014/32509300/logs/hadoop-cxb8014-namenode-comet-17-59.sdsc.edu.out’
removed ‘/scratch/cxb8014/32509300/logs/hadoop-cxb8014-secondarynamenode-comet-17-59.sdsc.edu.out’
removed ‘/scratch/cxb8014/32509300/logs/yarn-cxb8014-resourcemanager-comet-17-59.out’
removed ‘/scratch/cxb8014/32509300/logs/hadoop-cxb8014-datanode-comet-17-59.sdsc.edu.out’
removed ‘/scratch/cxb8014/32509300/logs/spark-cxb8014-org.apache.spark.deploy.worker.Worker-1-comet-17-59.sdsc.edu.out’
removed ‘/scratch/cxb8014/32509300/logs/SecurityAuth-cxb8014.audit’
removed ‘/scratch/cxb8014/32509300/logs/spark-cxb8014-org.apache.spark.deploy.master.Master-1-comet-17-59.out’
removed directory: ‘/scratch/cxb8014/32509300/logs’
removed directory: ‘/scratch/cxb8014/32509300/mapred_scratch/usercache’
removed directory: ‘/scratch/cxb8014/32509300/mapred_scratch/nmPrivate’
removed directory: ‘/scratch/cxb8014/32509300/mapred_scratch/filecache’
removed directory: ‘/scratch/cxb8014/32509300/mapred_scratch’
removed ‘/scratch/cxb8014/32509300/hdfs_data/current/VERSION’
removed ‘/scratch/cxb8014/32509300/hdfs_data/current/BP-721709835-198.202.117.43-1586459104786/dncp_block_verification.log.prev’
removed directory: ‘/scratch/cxb8014/32509300/hdfs_data/current/BP-721709835-198.202.117.43-1586459104786/current/rbw’
removed ‘/scratch/cxb8014/32509300/hdfs_data/current/BP-721709835-198.202.117.43-1586459104786/current/VERSION’
removed ‘/scratch/cxb8014/32509300/hdfs_data/current/BP-721709835-198.202.117.43-1586459104786/current/dfsUsed’
removed ‘/scratch/cxb8014/32509300/hdfs_data/current/BP-721709835-198.202.117.43-1586459104786/current/finalized/subdir0/subdir0/blk_1073741825_1001.meta’
removed ‘/scratch/cxb8014/32509300/hdfs_data/current/BP-721709835-198.202.117.43-1586459104786/current/finalized/subdir0/subdir0/blk_1073741825’
removed directory: ‘/scratch/cxb8014/32509300/hdfs_data/current/BP-721709835-198.202.117.43-1586459104786/current/finalized/subdir0/subdir0’
removed directory: ‘/scratch/cxb8014/32509300/hdfs_data/current/BP-721709835-198.202.117.43-1586459104786/current/finalized/subdir0’
removed directory: ‘/scratch/cxb8014/32509300/hdfs_data/current/BP-721709835-198.202.117.43-1586459104786/current/finalized’
removed directory: ‘/scratch/cxb8014/32509300/hdfs_data/current/BP-721709835-198.202.117.43-1586459104786/current’
removed ‘/scratch/cxb8014/32509300/hdfs_data/current/BP-721709835-198.202.117.43-1586459104786/dncp_block_verification.log.curr’
removed directory: ‘/scratch/cxb8014/32509300/hdfs_data/current/BP-721709835-198.202.117.43-1586459104786/tmp’
removed directory: ‘/scratch/cxb8014/32509300/hdfs_data/current/BP-721709835-198.202.117.43-1586459104786’
removed directory: ‘/scratch/cxb8014/32509300/hdfs_data/current’
removed directory: ‘/scratch/cxb8014/32509300/hdfs_data’
removed directory: ‘/scratch/cxb8014/32509300/pids’
removed ‘/scratch/cxb8014/32509300/logs/yarn-cxb8014-nodemanager-comet-17-60.sdsc.edu.out’
removed ‘/scratch/cxb8014/32509300/logs/SecurityAuth-cxb8014.audit’
removed ‘/scratch/cxb8014/32509300/logs/hadoop-cxb8014-datanode-comet-17-60.sdsc.edu.out’
removed directory: ‘/scratch/cxb8014/32509300/logs/userlogs’
removed ‘/scratch/cxb8014/32509300/logs/hadoop-cxb8014-datanode-comet-17-60.sdsc.edu.log’
removed ‘/scratch/cxb8014/32509300/logs/spark-cxb8014-org.apache.spark.deploy.worker.Worker-1-comet-17-60.sdsc.edu.out’
removed ‘/scratch/cxb8014/32509300/logs/yarn-cxb8014-nodemanager-comet-17-60.sdsc.edu.log’
removed directory: ‘/scratch/cxb8014/32509300/logs’
removed directory: ‘/tmp/Jetty_0_0_0_0_50075_datanode____hwtdwq_2509389470047350120/jsp’
removed directory: ‘/tmp/Jetty_0_0_0_0_50075_datanode____hwtdwq_2509389470047350120/.active’
removed directory: ‘/tmp/Jetty_0_0_0_0_50075_datanode____hwtdwq_2509389470047350120’
removed directory: ‘/tmp/Jetty_comet.17.59_ibnet_50090_secondary____xk6gnf/jsp’
removed directory: ‘/tmp/Jetty_comet.17.59_ibnet_50090_secondary____xk6gnf/.active’
removed directory: ‘/tmp/Jetty_comet.17.59_ibnet_50090_secondary____xk6gnf’
removed directory: ‘/tmp/Jetty_0_0_0_0_50070_hdfs____w2cu08/jsp’
removed directory: ‘/tmp/Jetty_0_0_0_0_50070_hdfs____w2cu08/.active’
removed directory: ‘/tmp/Jetty_0_0_0_0_50070_hdfs____w2cu08’
