Using Spark's default log4j profile: org/apache/spark/log4j-defaults.properties
20/04/09 11:57:42 INFO SparkContext: Running Spark version 1.5.2
20/04/09 11:57:43 WARN NativeCodeLoader: Unable to load native-hadoop library for your platform... using builtin-java classes where applicable
20/04/09 11:57:43 INFO SecurityManager: Changing view acls to: cxb8014
20/04/09 11:57:43 INFO SecurityManager: Changing modify acls to: cxb8014
20/04/09 11:57:43 INFO SecurityManager: SecurityManager: authentication disabled; ui acls disabled; users with view permissions: Set(cxb8014); users with modify permissions: Set(cxb8014)
20/04/09 11:57:44 INFO Slf4jLogger: Slf4jLogger started
20/04/09 11:57:44 INFO Remoting: Starting remoting
20/04/09 11:57:44 INFO Remoting: Remoting started; listening on addresses :[akka.tcp://sparkDriver@198.202.116.162:41461]
20/04/09 11:57:44 INFO Utils: Successfully started service 'sparkDriver' on port 41461.
20/04/09 11:57:44 INFO SparkEnv: Registering MapOutputTracker
20/04/09 11:57:44 INFO SparkEnv: Registering BlockManagerMaster
20/04/09 11:57:44 INFO DiskBlockManager: Created local directory at /tmp/blockmgr-ce8e9a5d-e1f1-42d3-b6df-b3d00fb647ac
20/04/09 11:57:44 INFO MemoryStore: MemoryStore started with capacity 530.0 MB
20/04/09 11:57:44 INFO HttpFileServer: HTTP File server directory is /tmp/spark-cd61495f-1670-4086-94e2-7b521372b3ca/httpd-df3a793c-e498-4635-b349-6cd9c0d779c0
20/04/09 11:57:44 INFO HttpServer: Starting HTTP Server
20/04/09 11:57:45 INFO Utils: Successfully started service 'HTTP file server' on port 39700.
20/04/09 11:57:45 INFO SparkEnv: Registering OutputCommitCoordinator
20/04/09 11:57:45 INFO Utils: Successfully started service 'SparkUI' on port 4040.
20/04/09 11:57:45 INFO SparkUI: Started SparkUI at http://198.202.116.162:4040
20/04/09 11:57:45 INFO SparkContext: Added JAR file:/home/cxb8014/project5/graph.jar at http://198.202.116.162:39700/jars/graph.jar with timestamp 1586458665473
20/04/09 11:57:45 WARN MetricsSystem: Using default name DAGScheduler for source because spark.app.id is not set.
20/04/09 11:57:45 INFO Executor: Starting executor ID driver on host localhost
20/04/09 11:57:45 INFO Utils: Successfully started service 'org.apache.spark.network.netty.NettyBlockTransferService' on port 42195.
20/04/09 11:57:45 INFO NettyBlockTransferService: Server created on 42195
20/04/09 11:57:45 INFO BlockManagerMaster: Trying to register BlockManager
20/04/09 11:57:45 INFO BlockManagerMasterEndpoint: Registering block manager localhost:42195 with 530.0 MB RAM, BlockManagerId(driver, localhost, 42195)
20/04/09 11:57:45 INFO BlockManagerMaster: Registered BlockManager
20/04/09 11:57:46 INFO MemoryStore: ensureFreeSpace(120040) called with curMem=0, maxMem=555755765
20/04/09 11:57:46 INFO MemoryStore: Block broadcast_0 stored as values in memory (estimated size 117.2 KB, free 529.9 MB)
20/04/09 11:57:46 INFO MemoryStore: ensureFreeSpace(12673) called with curMem=120040, maxMem=555755765
20/04/09 11:57:46 INFO MemoryStore: Block broadcast_0_piece0 stored as bytes in memory (estimated size 12.4 KB, free 529.9 MB)
20/04/09 11:57:46 INFO BlockManagerInfo: Added broadcast_0_piece0 in memory on localhost:42195 (size: 12.4 KB, free: 530.0 MB)
20/04/09 11:57:46 INFO SparkContext: Created broadcast 0 from textFile at Graph.scala:20
20/04/09 11:57:47 INFO FileInputFormat: Total input paths to process : 1
20/04/09 11:57:47 INFO SparkContext: Starting job: sortByKey at Graph.scala:26
20/04/09 11:57:47 INFO DAGScheduler: Registering RDD 4 (flatMap at Graph.scala:23)
20/04/09 11:57:47 INFO DAGScheduler: Registering RDD 3 (map at Graph.scala:21)
20/04/09 11:57:47 INFO DAGScheduler: Registering RDD 10 (flatMap at Graph.scala:23)
20/04/09 11:57:47 INFO DAGScheduler: Registering RDD 3 (map at Graph.scala:21)
20/04/09 11:57:47 INFO DAGScheduler: Registering RDD 16 (flatMap at Graph.scala:23)
20/04/09 11:57:47 INFO DAGScheduler: Registering RDD 3 (map at Graph.scala:21)
20/04/09 11:57:47 INFO DAGScheduler: Registering RDD 22 (flatMap at Graph.scala:23)
20/04/09 11:57:47 INFO DAGScheduler: Registering RDD 3 (map at Graph.scala:21)
20/04/09 11:57:47 INFO DAGScheduler: Registering RDD 28 (flatMap at Graph.scala:23)
20/04/09 11:57:47 INFO DAGScheduler: Registering RDD 3 (map at Graph.scala:21)
20/04/09 11:57:47 INFO DAGScheduler: Registering RDD 34 (map at Graph.scala:26)
20/04/09 11:57:47 INFO DAGScheduler: Got job 0 (sortByKey at Graph.scala:26) with 2 output partitions
20/04/09 11:57:47 INFO DAGScheduler: Final stage: ResultStage 11(sortByKey at Graph.scala:26)
20/04/09 11:57:47 INFO DAGScheduler: Parents of final stage: List(ShuffleMapStage 10)
20/04/09 11:57:47 INFO DAGScheduler: Missing parents: List(ShuffleMapStage 10)
20/04/09 11:57:47 INFO DAGScheduler: Submitting ShuffleMapStage 0 (MapPartitionsRDD[4] at flatMap at Graph.scala:23), which has no missing parents
20/04/09 11:57:47 INFO MemoryStore: ensureFreeSpace(4112) called with curMem=132713, maxMem=555755765
20/04/09 11:57:47 INFO MemoryStore: Block broadcast_1 stored as values in memory (estimated size 4.0 KB, free 529.9 MB)
20/04/09 11:57:47 INFO MemoryStore: ensureFreeSpace(2342) called with curMem=136825, maxMem=555755765
20/04/09 11:57:47 INFO MemoryStore: Block broadcast_1_piece0 stored as bytes in memory (estimated size 2.3 KB, free 529.9 MB)
20/04/09 11:57:47 INFO BlockManagerInfo: Added broadcast_1_piece0 in memory on localhost:42195 (size: 2.3 KB, free: 530.0 MB)
20/04/09 11:57:47 INFO SparkContext: Created broadcast 1 from broadcast at DAGScheduler.scala:861
20/04/09 11:57:47 INFO DAGScheduler: Submitting 2 missing tasks from ShuffleMapStage 0 (MapPartitionsRDD[4] at flatMap at Graph.scala:23)
20/04/09 11:57:47 INFO TaskSchedulerImpl: Adding task set 0.0 with 2 tasks
20/04/09 11:57:47 INFO DAGScheduler: Submitting ShuffleMapStage 1 (MapPartitionsRDD[3] at map at Graph.scala:21), which has no missing parents
20/04/09 11:57:47 INFO MemoryStore: ensureFreeSpace(3688) called with curMem=139167, maxMem=555755765
20/04/09 11:57:47 INFO MemoryStore: Block broadcast_2 stored as values in memory (estimated size 3.6 KB, free 529.9 MB)
20/04/09 11:57:47 INFO MemoryStore: ensureFreeSpace(2145) called with curMem=142855, maxMem=555755765
20/04/09 11:57:47 INFO MemoryStore: Block broadcast_2_piece0 stored as bytes in memory (estimated size 2.1 KB, free 529.9 MB)
20/04/09 11:57:47 INFO BlockManagerInfo: Added broadcast_2_piece0 in memory on localhost:42195 (size: 2.1 KB, free: 530.0 MB)
20/04/09 11:57:47 INFO SparkContext: Created broadcast 2 from broadcast at DAGScheduler.scala:861
20/04/09 11:57:47 INFO DAGScheduler: Submitting 2 missing tasks from ShuffleMapStage 1 (MapPartitionsRDD[3] at map at Graph.scala:21)
20/04/09 11:57:47 INFO TaskSchedulerImpl: Adding task set 1.0 with 2 tasks
20/04/09 11:57:47 INFO TaskSetManager: Starting task 0.0 in stage 0.0 (TID 0, localhost, PROCESS_LOCAL, 2194 bytes)
20/04/09 11:57:47 INFO TaskSetManager: Starting task 1.0 in stage 0.0 (TID 1, localhost, PROCESS_LOCAL, 2194 bytes)
20/04/09 11:57:47 INFO DAGScheduler: Submitting ShuffleMapStage 3 (MapPartitionsRDD[3] at map at Graph.scala:21), which has no missing parents
20/04/09 11:57:47 INFO MemoryStore: ensureFreeSpace(3688) called with curMem=145000, maxMem=555755765
20/04/09 11:57:47 INFO MemoryStore: Block broadcast_3 stored as values in memory (estimated size 3.6 KB, free 529.9 MB)
20/04/09 11:57:47 INFO MemoryStore: ensureFreeSpace(2146) called with curMem=148688, maxMem=555755765
20/04/09 11:57:47 INFO MemoryStore: Block broadcast_3_piece0 stored as bytes in memory (estimated size 2.1 KB, free 529.9 MB)
20/04/09 11:57:47 INFO BlockManagerInfo: Added broadcast_3_piece0 in memory on localhost:42195 (size: 2.1 KB, free: 530.0 MB)
20/04/09 11:57:47 INFO SparkContext: Created broadcast 3 from broadcast at DAGScheduler.scala:861
20/04/09 11:57:47 INFO DAGScheduler: Submitting 2 missing tasks from ShuffleMapStage 3 (MapPartitionsRDD[3] at map at Graph.scala:21)
20/04/09 11:57:47 INFO TaskSchedulerImpl: Adding task set 3.0 with 2 tasks
20/04/09 11:57:47 INFO DAGScheduler: Submitting ShuffleMapStage 5 (MapPartitionsRDD[3] at map at Graph.scala:21), which has no missing parents
20/04/09 11:57:47 INFO Executor: Running task 0.0 in stage 0.0 (TID 0)
20/04/09 11:57:47 INFO Executor: Fetching http://198.202.116.162:39700/jars/graph.jar with timestamp 1586458665473
20/04/09 11:57:47 INFO MemoryStore: ensureFreeSpace(3688) called with curMem=150834, maxMem=555755765
20/04/09 11:57:47 INFO MemoryStore: Block broadcast_4 stored as values in memory (estimated size 3.6 KB, free 529.9 MB)
20/04/09 11:57:47 INFO MemoryStore: ensureFreeSpace(2146) called with curMem=154522, maxMem=555755765
20/04/09 11:57:47 INFO MemoryStore: Block broadcast_4_piece0 stored as bytes in memory (estimated size 2.1 KB, free 529.9 MB)
20/04/09 11:57:47 INFO BlockManagerInfo: Added broadcast_4_piece0 in memory on localhost:42195 (size: 2.1 KB, free: 530.0 MB)
20/04/09 11:57:47 INFO SparkContext: Created broadcast 4 from broadcast at DAGScheduler.scala:861
20/04/09 11:57:47 INFO DAGScheduler: Submitting 2 missing tasks from ShuffleMapStage 5 (MapPartitionsRDD[3] at map at Graph.scala:21)
20/04/09 11:57:47 INFO TaskSchedulerImpl: Adding task set 5.0 with 2 tasks
20/04/09 11:57:47 INFO DAGScheduler: Submitting ShuffleMapStage 7 (MapPartitionsRDD[3] at map at Graph.scala:21), which has no missing parents
20/04/09 11:57:47 INFO MemoryStore: ensureFreeSpace(3688) called with curMem=156668, maxMem=555755765
20/04/09 11:57:47 INFO MemoryStore: Block broadcast_5 stored as values in memory (estimated size 3.6 KB, free 529.9 MB)
20/04/09 11:57:47 INFO Executor: Running task 1.0 in stage 0.0 (TID 1)
20/04/09 11:57:47 INFO MemoryStore: ensureFreeSpace(2147) called with curMem=160356, maxMem=555755765
20/04/09 11:57:47 INFO MemoryStore: Block broadcast_5_piece0 stored as bytes in memory (estimated size 2.1 KB, free 529.9 MB)
20/04/09 11:57:47 INFO BlockManagerInfo: Added broadcast_5_piece0 in memory on localhost:42195 (size: 2.1 KB, free: 530.0 MB)
20/04/09 11:57:47 INFO SparkContext: Created broadcast 5 from broadcast at DAGScheduler.scala:861
20/04/09 11:57:47 INFO DAGScheduler: Submitting 2 missing tasks from ShuffleMapStage 7 (MapPartitionsRDD[3] at map at Graph.scala:21)
20/04/09 11:57:47 INFO TaskSchedulerImpl: Adding task set 7.0 with 2 tasks
20/04/09 11:57:47 INFO DAGScheduler: Submitting ShuffleMapStage 9 (MapPartitionsRDD[3] at map at Graph.scala:21), which has no missing parents
20/04/09 11:57:47 INFO MemoryStore: ensureFreeSpace(3688) called with curMem=162503, maxMem=555755765
20/04/09 11:57:47 INFO MemoryStore: Block broadcast_6 stored as values in memory (estimated size 3.6 KB, free 529.9 MB)
20/04/09 11:57:47 INFO MemoryStore: ensureFreeSpace(2147) called with curMem=166191, maxMem=555755765
20/04/09 11:57:47 INFO MemoryStore: Block broadcast_6_piece0 stored as bytes in memory (estimated size 2.1 KB, free 529.8 MB)
20/04/09 11:57:47 INFO BlockManagerInfo: Added broadcast_6_piece0 in memory on localhost:42195 (size: 2.1 KB, free: 530.0 MB)
20/04/09 11:57:47 INFO SparkContext: Created broadcast 6 from broadcast at DAGScheduler.scala:861
20/04/09 11:57:47 INFO DAGScheduler: Submitting 2 missing tasks from ShuffleMapStage 9 (MapPartitionsRDD[3] at map at Graph.scala:21)
20/04/09 11:57:47 INFO TaskSchedulerImpl: Adding task set 9.0 with 2 tasks
20/04/09 11:57:47 INFO Utils: Fetching http://198.202.116.162:39700/jars/graph.jar to /tmp/spark-cd61495f-1670-4086-94e2-7b521372b3ca/userFiles-c5f1e08c-2278-408c-bb3b-8c6ea32ea69a/fetchFileTemp4198373396359910746.tmp
20/04/09 11:57:50 INFO Executor: Adding file:/tmp/spark-cd61495f-1670-4086-94e2-7b521372b3ca/userFiles-c5f1e08c-2278-408c-bb3b-8c6ea32ea69a/graph.jar to class loader
20/04/09 11:57:50 INFO HadoopRDD: Input split: file:/home/cxb8014/project5/small-graph.txt:28+28
20/04/09 11:57:50 INFO HadoopRDD: Input split: file:/home/cxb8014/project5/small-graph.txt:0+28
20/04/09 11:57:50 INFO deprecation: mapred.tip.id is deprecated. Instead, use mapreduce.task.id
20/04/09 11:57:50 INFO deprecation: mapred.task.id is deprecated. Instead, use mapreduce.task.attempt.id
20/04/09 11:57:50 INFO deprecation: mapred.task.is.map is deprecated. Instead, use mapreduce.task.ismap
20/04/09 11:57:50 INFO deprecation: mapred.task.partition is deprecated. Instead, use mapreduce.task.partition
20/04/09 11:57:50 INFO deprecation: mapred.job.id is deprecated. Instead, use mapreduce.job.id
20/04/09 11:57:51 INFO Executor: Finished task 0.0 in stage 0.0 (TID 0). 2254 bytes result sent to driver
20/04/09 11:57:51 INFO TaskSetManager: Starting task 0.0 in stage 1.0 (TID 2, localhost, PROCESS_LOCAL, 2194 bytes)
20/04/09 11:57:51 INFO Executor: Running task 0.0 in stage 1.0 (TID 2)
20/04/09 11:57:51 INFO HadoopRDD: Input split: file:/home/cxb8014/project5/small-graph.txt:0+28
20/04/09 11:57:51 INFO Executor: Finished task 1.0 in stage 0.0 (TID 1). 2254 bytes result sent to driver
20/04/09 11:57:51 INFO TaskSetManager: Starting task 1.0 in stage 1.0 (TID 3, localhost, PROCESS_LOCAL, 2194 bytes)
20/04/09 11:57:51 INFO Executor: Running task 1.0 in stage 1.0 (TID 3)
20/04/09 11:57:51 INFO HadoopRDD: Input split: file:/home/cxb8014/project5/small-graph.txt:28+28
20/04/09 11:57:51 INFO Executor: Finished task 0.0 in stage 1.0 (TID 2). 2254 bytes result sent to driver
20/04/09 11:57:51 INFO Executor: Finished task 1.0 in stage 1.0 (TID 3). 2254 bytes result sent to driver
20/04/09 11:57:51 INFO TaskSetManager: Finished task 1.0 in stage 0.0 (TID 1) in 3492 ms on localhost (1/2)
20/04/09 11:57:51 INFO TaskSetManager: Starting task 0.0 in stage 3.0 (TID 4, localhost, PROCESS_LOCAL, 2194 bytes)
20/04/09 11:57:51 INFO Executor: Running task 0.0 in stage 3.0 (TID 4)
20/04/09 11:57:51 INFO HadoopRDD: Input split: file:/home/cxb8014/project5/small-graph.txt:0+28
20/04/09 11:57:51 INFO Executor: Finished task 0.0 in stage 3.0 (TID 4). 2254 bytes result sent to driver
20/04/09 11:57:51 INFO TaskSetManager: Starting task 1.0 in stage 3.0 (TID 5, localhost, PROCESS_LOCAL, 2194 bytes)
20/04/09 11:57:51 INFO TaskSetManager: Starting task 0.0 in stage 5.0 (TID 6, localhost, PROCESS_LOCAL, 2194 bytes)
20/04/09 11:57:51 INFO TaskSetManager: Finished task 0.0 in stage 0.0 (TID 0) in 3605 ms on localhost (2/2)
20/04/09 11:57:51 INFO Executor: Running task 0.0 in stage 5.0 (TID 6)
20/04/09 11:57:51 INFO HadoopRDD: Input split: file:/home/cxb8014/project5/small-graph.txt:0+28
20/04/09 11:57:51 INFO DAGScheduler: ShuffleMapStage 0 (flatMap at Graph.scala:23) finished in 3.587 s
20/04/09 11:57:51 INFO DAGScheduler: looking for newly runnable stages
20/04/09 11:57:51 INFO DAGScheduler: running: Set(ShuffleMapStage 9, ShuffleMapStage 1, ShuffleMapStage 5, ShuffleMapStage 3, ShuffleMapStage 7)
20/04/09 11:57:51 INFO DAGScheduler: waiting: Set(ShuffleMapStage 2, ShuffleMapStage 6, ShuffleMapStage 10, ShuffleMapStage 4, ResultStage 11, ShuffleMapStage 8)
20/04/09 11:57:51 INFO DAGScheduler: failed: Set()
20/04/09 11:57:51 INFO DAGScheduler: Missing parents for ShuffleMapStage 2: List(ShuffleMapStage 1)
20/04/09 11:57:51 INFO DAGScheduler: Missing parents for ShuffleMapStage 6: List(ShuffleMapStage 5, ShuffleMapStage 4)
20/04/09 11:57:51 INFO DAGScheduler: Missing parents for ShuffleMapStage 10: List(ShuffleMapStage 9, ShuffleMapStage 8)
20/04/09 11:57:51 INFO DAGScheduler: Missing parents for ShuffleMapStage 4: List(ShuffleMapStage 2, ShuffleMapStage 3)
20/04/09 11:57:51 INFO DAGScheduler: Missing parents for ResultStage 11: List(ShuffleMapStage 10)
20/04/09 11:57:51 INFO DAGScheduler: Missing parents for ShuffleMapStage 8: List(ShuffleMapStage 6, ShuffleMapStage 7)
20/04/09 11:57:51 INFO Executor: Finished task 0.0 in stage 5.0 (TID 6). 2254 bytes result sent to driver
20/04/09 11:57:51 INFO Executor: Running task 1.0 in stage 3.0 (TID 5)
20/04/09 11:57:51 INFO TaskSchedulerImpl: Removed TaskSet 0.0, whose tasks have all completed, from pool 
20/04/09 11:57:51 INFO TaskSetManager: Finished task 0.0 in stage 3.0 (TID 4) in 60 ms on localhost (1/2)
20/04/09 11:57:51 INFO HadoopRDD: Input split: file:/home/cxb8014/project5/small-graph.txt:28+28
20/04/09 11:57:51 INFO TaskSetManager: Starting task 1.0 in stage 5.0 (TID 7, localhost, PROCESS_LOCAL, 2194 bytes)
20/04/09 11:57:51 INFO TaskSetManager: Finished task 0.0 in stage 5.0 (TID 6) in 46 ms on localhost (1/2)
20/04/09 11:57:51 INFO Executor: Running task 1.0 in stage 5.0 (TID 7)
20/04/09 11:57:51 INFO HadoopRDD: Input split: file:/home/cxb8014/project5/small-graph.txt:28+28
20/04/09 11:57:51 INFO TaskSetManager: Finished task 0.0 in stage 1.0 (TID 2) in 163 ms on localhost (1/2)
20/04/09 11:57:51 INFO TaskSetManager: Finished task 1.0 in stage 1.0 (TID 3) in 143 ms on localhost (2/2)
20/04/09 11:57:51 INFO TaskSchedulerImpl: Removed TaskSet 1.0, whose tasks have all completed, from pool 
20/04/09 11:57:51 INFO DAGScheduler: ShuffleMapStage 1 (map at Graph.scala:21) finished in 3.599 s
20/04/09 11:57:51 INFO DAGScheduler: looking for newly runnable stages
20/04/09 11:57:51 INFO DAGScheduler: running: Set(ShuffleMapStage 9, ShuffleMapStage 5, ShuffleMapStage 3, ShuffleMapStage 7)
20/04/09 11:57:51 INFO DAGScheduler: waiting: Set(ShuffleMapStage 2, ShuffleMapStage 6, ShuffleMapStage 10, ShuffleMapStage 4, ResultStage 11, ShuffleMapStage 8)
20/04/09 11:57:51 INFO DAGScheduler: failed: Set()
20/04/09 11:57:51 INFO DAGScheduler: Missing parents for ShuffleMapStage 2: List()
20/04/09 11:57:51 INFO DAGScheduler: Missing parents for ShuffleMapStage 6: List(ShuffleMapStage 5, ShuffleMapStage 4)
20/04/09 11:57:51 INFO DAGScheduler: Missing parents for ShuffleMapStage 10: List(ShuffleMapStage 9, ShuffleMapStage 8)
20/04/09 11:57:51 INFO DAGScheduler: Missing parents for ShuffleMapStage 4: List(ShuffleMapStage 2, ShuffleMapStage 3)
20/04/09 11:57:51 INFO DAGScheduler: Missing parents for ResultStage 11: List(ShuffleMapStage 10)
20/04/09 11:57:51 INFO DAGScheduler: Missing parents for ShuffleMapStage 8: List(ShuffleMapStage 6, ShuffleMapStage 7)
20/04/09 11:57:51 INFO DAGScheduler: Submitting ShuffleMapStage 2 (MapPartitionsRDD[10] at flatMap at Graph.scala:23), which is now runnable
20/04/09 11:57:51 INFO Executor: Finished task 1.0 in stage 5.0 (TID 7). 2254 bytes result sent to driver
20/04/09 11:57:51 INFO TaskSetManager: Starting task 0.0 in stage 7.0 (TID 8, localhost, PROCESS_LOCAL, 2194 bytes)
20/04/09 11:57:51 INFO TaskSetManager: Finished task 1.0 in stage 5.0 (TID 7) in 26 ms on localhost (2/2)
20/04/09 11:57:51 INFO TaskSchedulerImpl: Removed TaskSet 5.0, whose tasks have all completed, from pool 
20/04/09 11:57:51 INFO Executor: Finished task 1.0 in stage 3.0 (TID 5). 2254 bytes result sent to driver
20/04/09 11:57:51 INFO TaskSetManager: Starting task 1.0 in stage 7.0 (TID 9, localhost, PROCESS_LOCAL, 2194 bytes)
20/04/09 11:57:51 INFO TaskSetManager: Finished task 1.0 in stage 3.0 (TID 5) in 82 ms on localhost (2/2)
20/04/09 11:57:51 INFO TaskSchedulerImpl: Removed TaskSet 3.0, whose tasks have all completed, from pool 
20/04/09 11:57:51 INFO MemoryStore: ensureFreeSpace(3616) called with curMem=168338, maxMem=555755765
20/04/09 11:57:51 INFO MemoryStore: Block broadcast_7 stored as values in memory (estimated size 3.5 KB, free 529.8 MB)
20/04/09 11:57:51 INFO MemoryStore: ensureFreeSpace(1839) called with curMem=171954, maxMem=555755765
20/04/09 11:57:51 INFO MemoryStore: Block broadcast_7_piece0 stored as bytes in memory (estimated size 1839.0 B, free 529.8 MB)
20/04/09 11:57:51 INFO Executor: Running task 0.0 in stage 7.0 (TID 8)
20/04/09 11:57:51 INFO Executor: Running task 1.0 in stage 7.0 (TID 9)
20/04/09 11:57:51 INFO HadoopRDD: Input split: file:/home/cxb8014/project5/small-graph.txt:28+28
20/04/09 11:57:51 INFO HadoopRDD: Input split: file:/home/cxb8014/project5/small-graph.txt:0+28
20/04/09 11:57:51 INFO Executor: Finished task 1.0 in stage 7.0 (TID 9). 2254 bytes result sent to driver
20/04/09 11:57:51 INFO BlockManagerInfo: Added broadcast_7_piece0 in memory on localhost:42195 (size: 1839.0 B, free: 530.0 MB)
20/04/09 11:57:51 INFO TaskSetManager: Starting task 0.0 in stage 9.0 (TID 10, localhost, PROCESS_LOCAL, 2194 bytes)
20/04/09 11:57:51 INFO TaskSetManager: Finished task 1.0 in stage 7.0 (TID 9) in 31 ms on localhost (1/2)
20/04/09 11:57:51 INFO Executor: Running task 0.0 in stage 9.0 (TID 10)
20/04/09 11:57:51 INFO Executor: Finished task 0.0 in stage 7.0 (TID 8). 2254 bytes result sent to driver
20/04/09 11:57:51 INFO SparkContext: Created broadcast 7 from broadcast at DAGScheduler.scala:861
20/04/09 11:57:51 INFO DAGScheduler: Submitting 2 missing tasks from ShuffleMapStage 2 (MapPartitionsRDD[10] at flatMap at Graph.scala:23)
20/04/09 11:57:51 INFO TaskSchedulerImpl: Adding task set 2.0 with 2 tasks
20/04/09 11:57:51 INFO HadoopRDD: Input split: file:/home/cxb8014/project5/small-graph.txt:0+28
20/04/09 11:57:51 INFO Executor: Finished task 0.0 in stage 9.0 (TID 10). 2254 bytes result sent to driver
20/04/09 11:57:51 INFO DAGScheduler: ShuffleMapStage 5 (map at Graph.scala:21) finished in 3.626 s
20/04/09 11:57:51 INFO DAGScheduler: looking for newly runnable stages
20/04/09 11:57:51 INFO DAGScheduler: running: Set(ShuffleMapStage 9, ShuffleMapStage 2, ShuffleMapStage 3, ShuffleMapStage 7)
20/04/09 11:57:51 INFO DAGScheduler: waiting: Set(ShuffleMapStage 6, ShuffleMapStage 10, ShuffleMapStage 4, ResultStage 11, ShuffleMapStage 8)
20/04/09 11:57:51 INFO DAGScheduler: failed: Set()
20/04/09 11:57:51 INFO DAGScheduler: Missing parents for ShuffleMapStage 6: List(ShuffleMapStage 4)
20/04/09 11:57:51 INFO DAGScheduler: Missing parents for ShuffleMapStage 10: List(ShuffleMapStage 9, ShuffleMapStage 8)
20/04/09 11:57:51 INFO DAGScheduler: Missing parents for ShuffleMapStage 4: List(ShuffleMapStage 2, ShuffleMapStage 3)
20/04/09 11:57:51 INFO DAGScheduler: Missing parents for ResultStage 11: List(ShuffleMapStage 10)
20/04/09 11:57:51 INFO DAGScheduler: Missing parents for ShuffleMapStage 8: List(ShuffleMapStage 6, ShuffleMapStage 7)
20/04/09 11:57:51 INFO TaskSetManager: Starting task 0.0 in stage 2.0 (TID 11, localhost, PROCESS_LOCAL, 2170 bytes)
20/04/09 11:57:51 INFO TaskSetManager: Starting task 1.0 in stage 2.0 (TID 12, localhost, PROCESS_LOCAL, 2170 bytes)
20/04/09 11:57:51 INFO TaskSetManager: Finished task 0.0 in stage 9.0 (TID 10) in 36 ms on localhost (1/2)
20/04/09 11:57:51 INFO TaskSetManager: Finished task 0.0 in stage 7.0 (TID 8) in 67 ms on localhost (2/2)
20/04/09 11:57:51 INFO TaskSchedulerImpl: Removed TaskSet 7.0, whose tasks have all completed, from pool 
20/04/09 11:57:51 INFO Executor: Running task 0.0 in stage 2.0 (TID 11)
20/04/09 11:57:51 INFO Executor: Running task 1.0 in stage 2.0 (TID 12)
20/04/09 11:57:51 INFO DAGScheduler: ShuffleMapStage 3 (map at Graph.scala:21) finished in 3.666 s
20/04/09 11:57:51 INFO ShuffleBlockFetcherIterator: Getting 2 non-empty blocks out of 2 blocks
20/04/09 11:57:51 INFO DAGScheduler: looking for newly runnable stages
20/04/09 11:57:51 INFO DAGScheduler: running: Set(ShuffleMapStage 9, ShuffleMapStage 2, ShuffleMapStage 7)
20/04/09 11:57:51 INFO DAGScheduler: waiting: Set(ShuffleMapStage 6, ShuffleMapStage 10, ShuffleMapStage 4, ResultStage 11, ShuffleMapStage 8)
20/04/09 11:57:51 INFO DAGScheduler: failed: Set()
20/04/09 11:57:51 INFO DAGScheduler: Missing parents for ShuffleMapStage 6: List(ShuffleMapStage 4)
20/04/09 11:57:51 INFO DAGScheduler: Missing parents for ShuffleMapStage 10: List(ShuffleMapStage 9, ShuffleMapStage 8)
20/04/09 11:57:51 INFO DAGScheduler: Missing parents for ShuffleMapStage 4: List(ShuffleMapStage 2)
20/04/09 11:57:51 INFO DAGScheduler: Missing parents for ResultStage 11: List(ShuffleMapStage 10)
20/04/09 11:57:51 INFO DAGScheduler: Missing parents for ShuffleMapStage 8: List(ShuffleMapStage 6, ShuffleMapStage 7)
20/04/09 11:57:51 INFO ShuffleBlockFetcherIterator: Started 0 remote fetches in 5 ms
20/04/09 11:57:51 INFO ShuffleBlockFetcherIterator: Getting 2 non-empty blocks out of 2 blocks
20/04/09 11:57:51 INFO ShuffleBlockFetcherIterator: Started 0 remote fetches in 3 ms
20/04/09 11:57:51 INFO DAGScheduler: ShuffleMapStage 7 (map at Graph.scala:21) finished in 3.637 s
20/04/09 11:57:51 INFO DAGScheduler: looking for newly runnable stages
20/04/09 11:57:51 INFO DAGScheduler: running: Set(ShuffleMapStage 9, ShuffleMapStage 2)
20/04/09 11:57:51 INFO DAGScheduler: waiting: Set(ShuffleMapStage 6, ShuffleMapStage 10, ShuffleMapStage 4, ResultStage 11, ShuffleMapStage 8)
20/04/09 11:57:51 INFO DAGScheduler: failed: Set()
20/04/09 11:57:51 INFO DAGScheduler: Missing parents for ShuffleMapStage 6: List(ShuffleMapStage 4)
20/04/09 11:57:51 INFO DAGScheduler: Missing parents for ShuffleMapStage 10: List(ShuffleMapStage 9, ShuffleMapStage 8)
20/04/09 11:57:51 INFO DAGScheduler: Missing parents for ShuffleMapStage 4: List(ShuffleMapStage 2)
20/04/09 11:57:51 INFO DAGScheduler: Missing parents for ResultStage 11: List(ShuffleMapStage 10)
20/04/09 11:57:51 INFO DAGScheduler: Missing parents for ShuffleMapStage 8: List(ShuffleMapStage 6)
20/04/09 11:57:51 INFO ShuffleBlockFetcherIterator: Getting 2 non-empty blocks out of 2 blocks
20/04/09 11:57:51 INFO ShuffleBlockFetcherIterator: Started 0 remote fetches in 0 ms
20/04/09 11:57:51 INFO ShuffleBlockFetcherIterator: Getting 2 non-empty blocks out of 2 blocks
20/04/09 11:57:51 INFO ShuffleBlockFetcherIterator: Started 0 remote fetches in 0 ms
20/04/09 11:57:51 INFO Executor: Finished task 0.0 in stage 2.0 (TID 11). 1375 bytes result sent to driver
20/04/09 11:57:51 INFO TaskSetManager: Starting task 1.0 in stage 9.0 (TID 13, localhost, PROCESS_LOCAL, 2194 bytes)
20/04/09 11:57:51 INFO Executor: Running task 1.0 in stage 9.0 (TID 13)
20/04/09 11:57:51 INFO HadoopRDD: Input split: file:/home/cxb8014/project5/small-graph.txt:28+28
20/04/09 11:57:51 INFO TaskSetManager: Finished task 0.0 in stage 2.0 (TID 11) in 100 ms on localhost (1/2)
20/04/09 11:57:51 INFO Executor: Finished task 1.0 in stage 9.0 (TID 13). 2254 bytes result sent to driver
20/04/09 11:57:51 INFO TaskSetManager: Finished task 1.0 in stage 9.0 (TID 13) in 10 ms on localhost (2/2)
20/04/09 11:57:51 INFO TaskSchedulerImpl: Removed TaskSet 9.0, whose tasks have all completed, from pool 
20/04/09 11:57:51 INFO DAGScheduler: ShuffleMapStage 9 (map at Graph.scala:21) finished in 3.677 s
20/04/09 11:57:51 INFO DAGScheduler: looking for newly runnable stages
20/04/09 11:57:51 INFO DAGScheduler: running: Set(ShuffleMapStage 2)
20/04/09 11:57:51 INFO DAGScheduler: waiting: Set(ShuffleMapStage 6, ShuffleMapStage 10, ShuffleMapStage 4, ResultStage 11, ShuffleMapStage 8)
20/04/09 11:57:51 INFO DAGScheduler: failed: Set()
20/04/09 11:57:51 INFO DAGScheduler: Missing parents for ShuffleMapStage 6: List(ShuffleMapStage 4)
20/04/09 11:57:51 INFO DAGScheduler: Missing parents for ShuffleMapStage 10: List(ShuffleMapStage 8)
20/04/09 11:57:51 INFO DAGScheduler: Missing parents for ShuffleMapStage 4: List(ShuffleMapStage 2)
20/04/09 11:57:51 INFO DAGScheduler: Missing parents for ResultStage 11: List(ShuffleMapStage 10)
20/04/09 11:57:51 INFO DAGScheduler: Missing parents for ShuffleMapStage 8: List(ShuffleMapStage 6)
20/04/09 11:57:51 INFO Executor: Finished task 1.0 in stage 2.0 (TID 12). 1375 bytes result sent to driver
20/04/09 11:57:51 INFO TaskSetManager: Finished task 1.0 in stage 2.0 (TID 12) in 115 ms on localhost (2/2)
20/04/09 11:57:51 INFO TaskSchedulerImpl: Removed TaskSet 2.0, whose tasks have all completed, from pool 
20/04/09 11:57:51 INFO DAGScheduler: ShuffleMapStage 2 (flatMap at Graph.scala:23) finished in 0.136 s
20/04/09 11:57:51 INFO DAGScheduler: looking for newly runnable stages
20/04/09 11:57:51 INFO DAGScheduler: running: Set()
20/04/09 11:57:51 INFO DAGScheduler: waiting: Set(ShuffleMapStage 6, ShuffleMapStage 10, ShuffleMapStage 4, ResultStage 11, ShuffleMapStage 8)
20/04/09 11:57:51 INFO DAGScheduler: failed: Set()
20/04/09 11:57:51 INFO DAGScheduler: Missing parents for ShuffleMapStage 6: List(ShuffleMapStage 4)
20/04/09 11:57:51 INFO DAGScheduler: Missing parents for ShuffleMapStage 10: List(ShuffleMapStage 8)
20/04/09 11:57:51 INFO DAGScheduler: Missing parents for ShuffleMapStage 4: List()
20/04/09 11:57:51 INFO DAGScheduler: Missing parents for ResultStage 11: List(ShuffleMapStage 10)
20/04/09 11:57:51 INFO DAGScheduler: Missing parents for ShuffleMapStage 8: List(ShuffleMapStage 6)
20/04/09 11:57:51 INFO DAGScheduler: Submitting ShuffleMapStage 4 (MapPartitionsRDD[16] at flatMap at Graph.scala:23), which is now runnable
20/04/09 11:57:51 INFO MemoryStore: ensureFreeSpace(3616) called with curMem=173793, maxMem=555755765
20/04/09 11:57:51 INFO MemoryStore: Block broadcast_8 stored as values in memory (estimated size 3.5 KB, free 529.8 MB)
20/04/09 11:57:51 INFO MemoryStore: ensureFreeSpace(1858) called with curMem=177409, maxMem=555755765
20/04/09 11:57:51 INFO MemoryStore: Block broadcast_8_piece0 stored as bytes in memory (estimated size 1858.0 B, free 529.8 MB)
20/04/09 11:57:51 INFO BlockManagerInfo: Added broadcast_8_piece0 in memory on localhost:42195 (size: 1858.0 B, free: 530.0 MB)
20/04/09 11:57:51 INFO SparkContext: Created broadcast 8 from broadcast at DAGScheduler.scala:861
20/04/09 11:57:51 INFO DAGScheduler: Submitting 2 missing tasks from ShuffleMapStage 4 (MapPartitionsRDD[16] at flatMap at Graph.scala:23)
20/04/09 11:57:51 INFO TaskSchedulerImpl: Adding task set 4.0 with 2 tasks
20/04/09 11:57:51 INFO TaskSetManager: Starting task 0.0 in stage 4.0 (TID 14, localhost, PROCESS_LOCAL, 2170 bytes)
20/04/09 11:57:51 INFO TaskSetManager: Starting task 1.0 in stage 4.0 (TID 15, localhost, PROCESS_LOCAL, 2170 bytes)
20/04/09 11:57:51 INFO Executor: Running task 0.0 in stage 4.0 (TID 14)
20/04/09 11:57:51 INFO ShuffleBlockFetcherIterator: Getting 2 non-empty blocks out of 2 blocks
20/04/09 11:57:51 INFO ShuffleBlockFetcherIterator: Started 0 remote fetches in 0 ms
20/04/09 11:57:51 INFO ShuffleBlockFetcherIterator: Getting 2 non-empty blocks out of 2 blocks
20/04/09 11:57:51 INFO ShuffleBlockFetcherIterator: Started 0 remote fetches in 1 ms
20/04/09 11:57:51 INFO Executor: Finished task 0.0 in stage 4.0 (TID 14). 1375 bytes result sent to driver
20/04/09 11:57:51 INFO Executor: Running task 1.0 in stage 4.0 (TID 15)
20/04/09 11:57:51 INFO ShuffleBlockFetcherIterator: Getting 2 non-empty blocks out of 2 blocks
20/04/09 11:57:51 INFO ShuffleBlockFetcherIterator: Started 0 remote fetches in 0 ms
20/04/09 11:57:51 INFO TaskSetManager: Finished task 0.0 in stage 4.0 (TID 14) in 13 ms on localhost (1/2)
20/04/09 11:57:51 INFO ShuffleBlockFetcherIterator: Getting 2 non-empty blocks out of 2 blocks
20/04/09 11:57:51 INFO ShuffleBlockFetcherIterator: Started 0 remote fetches in 0 ms
20/04/09 11:57:51 INFO Executor: Finished task 1.0 in stage 4.0 (TID 15). 1375 bytes result sent to driver
20/04/09 11:57:51 INFO TaskSetManager: Finished task 1.0 in stage 4.0 (TID 15) in 22 ms on localhost (2/2)
20/04/09 11:57:51 INFO TaskSchedulerImpl: Removed TaskSet 4.0, whose tasks have all completed, from pool 
20/04/09 11:57:51 INFO DAGScheduler: ShuffleMapStage 4 (flatMap at Graph.scala:23) finished in 0.012 s
20/04/09 11:57:51 INFO DAGScheduler: looking for newly runnable stages
20/04/09 11:57:51 INFO DAGScheduler: running: Set()
20/04/09 11:57:51 INFO DAGScheduler: waiting: Set(ShuffleMapStage 6, ShuffleMapStage 10, ResultStage 11, ShuffleMapStage 8)
20/04/09 11:57:51 INFO DAGScheduler: failed: Set()
20/04/09 11:57:51 INFO DAGScheduler: Missing parents for ShuffleMapStage 6: List()
20/04/09 11:57:51 INFO DAGScheduler: Missing parents for ShuffleMapStage 10: List(ShuffleMapStage 8)
20/04/09 11:57:51 INFO DAGScheduler: Missing parents for ResultStage 11: List(ShuffleMapStage 10)
20/04/09 11:57:51 INFO DAGScheduler: Missing parents for ShuffleMapStage 8: List(ShuffleMapStage 6)
20/04/09 11:57:51 INFO DAGScheduler: Submitting ShuffleMapStage 6 (MapPartitionsRDD[22] at flatMap at Graph.scala:23), which is now runnable
20/04/09 11:57:51 INFO MemoryStore: ensureFreeSpace(3616) called with curMem=179267, maxMem=555755765
20/04/09 11:57:51 INFO MemoryStore: Block broadcast_9 stored as values in memory (estimated size 3.5 KB, free 529.8 MB)
20/04/09 11:57:51 INFO MemoryStore: ensureFreeSpace(1856) called with curMem=182883, maxMem=555755765
20/04/09 11:57:51 INFO MemoryStore: Block broadcast_9_piece0 stored as bytes in memory (estimated size 1856.0 B, free 529.8 MB)
20/04/09 11:57:51 INFO BlockManagerInfo: Added broadcast_9_piece0 in memory on localhost:42195 (size: 1856.0 B, free: 530.0 MB)
20/04/09 11:57:51 INFO SparkContext: Created broadcast 9 from broadcast at DAGScheduler.scala:861
20/04/09 11:57:51 INFO DAGScheduler: Submitting 2 missing tasks from ShuffleMapStage 6 (MapPartitionsRDD[22] at flatMap at Graph.scala:23)
20/04/09 11:57:51 INFO TaskSchedulerImpl: Adding task set 6.0 with 2 tasks
20/04/09 11:57:51 INFO TaskSetManager: Starting task 0.0 in stage 6.0 (TID 16, localhost, PROCESS_LOCAL, 2170 bytes)
20/04/09 11:57:51 INFO TaskSetManager: Starting task 1.0 in stage 6.0 (TID 17, localhost, PROCESS_LOCAL, 2170 bytes)
20/04/09 11:57:51 INFO Executor: Running task 1.0 in stage 6.0 (TID 17)
20/04/09 11:57:51 INFO ShuffleBlockFetcherIterator: Getting 2 non-empty blocks out of 2 blocks
20/04/09 11:57:51 INFO ShuffleBlockFetcherIterator: Started 0 remote fetches in 0 ms
20/04/09 11:57:51 INFO ShuffleBlockFetcherIterator: Getting 2 non-empty blocks out of 2 blocks
20/04/09 11:57:51 INFO ShuffleBlockFetcherIterator: Started 0 remote fetches in 1 ms
20/04/09 11:57:51 INFO Executor: Running task 0.0 in stage 6.0 (TID 16)
20/04/09 11:57:51 INFO ShuffleBlockFetcherIterator: Getting 2 non-empty blocks out of 2 blocks
20/04/09 11:57:51 INFO ShuffleBlockFetcherIterator: Started 0 remote fetches in 0 ms
20/04/09 11:57:51 INFO ShuffleBlockFetcherIterator: Getting 2 non-empty blocks out of 2 blocks
20/04/09 11:57:51 INFO ShuffleBlockFetcherIterator: Started 0 remote fetches in 0 ms
20/04/09 11:57:51 INFO Executor: Finished task 0.0 in stage 6.0 (TID 16). 1375 bytes result sent to driver
20/04/09 11:57:51 INFO Executor: Finished task 1.0 in stage 6.0 (TID 17). 1375 bytes result sent to driver
20/04/09 11:57:51 INFO TaskSetManager: Finished task 0.0 in stage 6.0 (TID 16) in 26 ms on localhost (1/2)
20/04/09 11:57:51 INFO TaskSetManager: Finished task 1.0 in stage 6.0 (TID 17) in 25 ms on localhost (2/2)
20/04/09 11:57:51 INFO TaskSchedulerImpl: Removed TaskSet 6.0, whose tasks have all completed, from pool 
20/04/09 11:57:51 INFO DAGScheduler: ShuffleMapStage 6 (flatMap at Graph.scala:23) finished in 0.011 s
20/04/09 11:57:51 INFO DAGScheduler: looking for newly runnable stages
20/04/09 11:57:51 INFO DAGScheduler: running: Set()
20/04/09 11:57:51 INFO DAGScheduler: waiting: Set(ShuffleMapStage 10, ResultStage 11, ShuffleMapStage 8)
20/04/09 11:57:51 INFO DAGScheduler: failed: Set()
20/04/09 11:57:51 INFO DAGScheduler: Missing parents for ShuffleMapStage 10: List(ShuffleMapStage 8)
20/04/09 11:57:51 INFO DAGScheduler: Missing parents for ResultStage 11: List(ShuffleMapStage 10)
20/04/09 11:57:51 INFO DAGScheduler: Missing parents for ShuffleMapStage 8: List()
20/04/09 11:57:51 INFO DAGScheduler: Submitting ShuffleMapStage 8 (MapPartitionsRDD[28] at flatMap at Graph.scala:23), which is now runnable
20/04/09 11:57:51 INFO MemoryStore: ensureFreeSpace(3616) called with curMem=184739, maxMem=555755765
20/04/09 11:57:51 INFO MemoryStore: Block broadcast_10 stored as values in memory (estimated size 3.5 KB, free 529.8 MB)
20/04/09 11:57:51 INFO MemoryStore: ensureFreeSpace(1857) called with curMem=188355, maxMem=555755765
20/04/09 11:57:51 INFO MemoryStore: Block broadcast_10_piece0 stored as bytes in memory (estimated size 1857.0 B, free 529.8 MB)
20/04/09 11:57:51 INFO BlockManagerInfo: Added broadcast_10_piece0 in memory on localhost:42195 (size: 1857.0 B, free: 530.0 MB)
20/04/09 11:57:51 INFO SparkContext: Created broadcast 10 from broadcast at DAGScheduler.scala:861
20/04/09 11:57:51 INFO DAGScheduler: Submitting 2 missing tasks from ShuffleMapStage 8 (MapPartitionsRDD[28] at flatMap at Graph.scala:23)
20/04/09 11:57:51 INFO TaskSchedulerImpl: Adding task set 8.0 with 2 tasks
20/04/09 11:57:51 INFO TaskSetManager: Starting task 0.0 in stage 8.0 (TID 18, localhost, PROCESS_LOCAL, 2170 bytes)
20/04/09 11:57:51 INFO TaskSetManager: Starting task 1.0 in stage 8.0 (TID 19, localhost, PROCESS_LOCAL, 2170 bytes)
20/04/09 11:57:51 INFO Executor: Running task 1.0 in stage 8.0 (TID 19)
20/04/09 11:57:51 INFO ShuffleBlockFetcherIterator: Getting 2 non-empty blocks out of 2 blocks
20/04/09 11:57:51 INFO ShuffleBlockFetcherIterator: Started 0 remote fetches in 0 ms
20/04/09 11:57:51 INFO Executor: Running task 0.0 in stage 8.0 (TID 18)
20/04/09 11:57:51 INFO ShuffleBlockFetcherIterator: Getting 2 non-empty blocks out of 2 blocks
20/04/09 11:57:51 INFO ShuffleBlockFetcherIterator: Started 0 remote fetches in 1 ms
20/04/09 11:57:51 INFO ShuffleBlockFetcherIterator: Getting 2 non-empty blocks out of 2 blocks
20/04/09 11:57:51 INFO ShuffleBlockFetcherIterator: Started 0 remote fetches in 0 ms
20/04/09 11:57:51 INFO Executor: Finished task 1.0 in stage 8.0 (TID 19). 1375 bytes result sent to driver
20/04/09 11:57:51 INFO ShuffleBlockFetcherIterator: Getting 2 non-empty blocks out of 2 blocks
20/04/09 11:57:51 INFO ShuffleBlockFetcherIterator: Started 0 remote fetches in 1 ms
20/04/09 11:57:51 INFO TaskSetManager: Finished task 1.0 in stage 8.0 (TID 19) in 16 ms on localhost (1/2)
20/04/09 11:57:51 INFO Executor: Finished task 0.0 in stage 8.0 (TID 18). 1375 bytes result sent to driver
20/04/09 11:57:51 INFO TaskSetManager: Finished task 0.0 in stage 8.0 (TID 18) in 23 ms on localhost (2/2)
20/04/09 11:57:51 INFO TaskSchedulerImpl: Removed TaskSet 8.0, whose tasks have all completed, from pool 
20/04/09 11:57:51 INFO DAGScheduler: ShuffleMapStage 8 (flatMap at Graph.scala:23) finished in 0.008 s
20/04/09 11:57:51 INFO DAGScheduler: looking for newly runnable stages
20/04/09 11:57:51 INFO DAGScheduler: running: Set()
20/04/09 11:57:51 INFO DAGScheduler: waiting: Set(ShuffleMapStage 10, ResultStage 11)
20/04/09 11:57:51 INFO DAGScheduler: failed: Set()
20/04/09 11:57:51 INFO DAGScheduler: Missing parents for ShuffleMapStage 10: List()
20/04/09 11:57:51 INFO DAGScheduler: Missing parents for ResultStage 11: List(ShuffleMapStage 10)
20/04/09 11:57:51 INFO DAGScheduler: Submitting ShuffleMapStage 10 (MapPartitionsRDD[34] at map at Graph.scala:26), which is now runnable
20/04/09 11:57:51 INFO MemoryStore: ensureFreeSpace(3528) called with curMem=190212, maxMem=555755765
20/04/09 11:57:51 INFO MemoryStore: Block broadcast_11 stored as values in memory (estimated size 3.4 KB, free 529.8 MB)
20/04/09 11:57:51 INFO MemoryStore: ensureFreeSpace(1844) called with curMem=193740, maxMem=555755765
20/04/09 11:57:51 INFO MemoryStore: Block broadcast_11_piece0 stored as bytes in memory (estimated size 1844.0 B, free 529.8 MB)
20/04/09 11:57:51 INFO BlockManagerInfo: Added broadcast_11_piece0 in memory on localhost:42195 (size: 1844.0 B, free: 530.0 MB)
20/04/09 11:57:51 INFO SparkContext: Created broadcast 11 from broadcast at DAGScheduler.scala:861
20/04/09 11:57:51 INFO DAGScheduler: Submitting 2 missing tasks from ShuffleMapStage 10 (MapPartitionsRDD[34] at map at Graph.scala:26)
20/04/09 11:57:51 INFO TaskSchedulerImpl: Adding task set 10.0 with 2 tasks
20/04/09 11:57:51 INFO TaskSetManager: Starting task 0.0 in stage 10.0 (TID 20, localhost, PROCESS_LOCAL, 2170 bytes)
20/04/09 11:57:51 INFO TaskSetManager: Starting task 1.0 in stage 10.0 (TID 21, localhost, PROCESS_LOCAL, 2170 bytes)
20/04/09 11:57:51 INFO Executor: Running task 1.0 in stage 10.0 (TID 21)
20/04/09 11:57:51 INFO ShuffleBlockFetcherIterator: Getting 2 non-empty blocks out of 2 blocks
20/04/09 11:57:51 INFO ShuffleBlockFetcherIterator: Started 0 remote fetches in 0 ms
20/04/09 11:57:51 INFO ShuffleBlockFetcherIterator: Getting 2 non-empty blocks out of 2 blocks
20/04/09 11:57:51 INFO ShuffleBlockFetcherIterator: Started 0 remote fetches in 0 ms
20/04/09 11:57:51 INFO Executor: Running task 0.0 in stage 10.0 (TID 20)
20/04/09 11:57:51 INFO ShuffleBlockFetcherIterator: Getting 2 non-empty blocks out of 2 blocks
20/04/09 11:57:51 INFO ShuffleBlockFetcherIterator: Started 0 remote fetches in 0 ms
20/04/09 11:57:51 INFO ShuffleBlockFetcherIterator: Getting 2 non-empty blocks out of 2 blocks
20/04/09 11:57:51 INFO ShuffleBlockFetcherIterator: Started 0 remote fetches in 0 ms
20/04/09 11:57:51 INFO Executor: Finished task 1.0 in stage 10.0 (TID 21). 1375 bytes result sent to driver
20/04/09 11:57:51 INFO TaskSetManager: Finished task 1.0 in stage 10.0 (TID 21) in 13 ms on localhost (1/2)
20/04/09 11:57:51 INFO Executor: Finished task 0.0 in stage 10.0 (TID 20). 1375 bytes result sent to driver
20/04/09 11:57:51 INFO TaskSetManager: Finished task 0.0 in stage 10.0 (TID 20) in 15 ms on localhost (2/2)
20/04/09 11:57:51 INFO TaskSchedulerImpl: Removed TaskSet 10.0, whose tasks have all completed, from pool 
20/04/09 11:57:51 INFO DAGScheduler: ShuffleMapStage 10 (map at Graph.scala:26) finished in 0.005 s
20/04/09 11:57:51 INFO DAGScheduler: looking for newly runnable stages
20/04/09 11:57:51 INFO DAGScheduler: running: Set()
20/04/09 11:57:51 INFO DAGScheduler: waiting: Set(ResultStage 11)
20/04/09 11:57:51 INFO DAGScheduler: failed: Set()
20/04/09 11:57:51 INFO DAGScheduler: Missing parents for ResultStage 11: List()
20/04/09 11:57:51 INFO DAGScheduler: Submitting ResultStage 11 (MapPartitionsRDD[37] at sortByKey at Graph.scala:26), which is now runnable
20/04/09 11:57:51 INFO MemoryStore: ensureFreeSpace(3208) called with curMem=195584, maxMem=555755765
20/04/09 11:57:51 INFO MemoryStore: Block broadcast_12 stored as values in memory (estimated size 3.1 KB, free 529.8 MB)
20/04/09 11:57:51 INFO MemoryStore: ensureFreeSpace(1860) called with curMem=198792, maxMem=555755765
20/04/09 11:57:51 INFO MemoryStore: Block broadcast_12_piece0 stored as bytes in memory (estimated size 1860.0 B, free 529.8 MB)
20/04/09 11:57:51 INFO BlockManagerInfo: Added broadcast_12_piece0 in memory on localhost:42195 (size: 1860.0 B, free: 530.0 MB)
20/04/09 11:57:51 INFO SparkContext: Created broadcast 12 from broadcast at DAGScheduler.scala:861
20/04/09 11:57:51 INFO DAGScheduler: Submitting 2 missing tasks from ResultStage 11 (MapPartitionsRDD[37] at sortByKey at Graph.scala:26)
20/04/09 11:57:51 INFO TaskSchedulerImpl: Adding task set 11.0 with 2 tasks
20/04/09 11:57:51 INFO TaskSetManager: Starting task 0.0 in stage 11.0 (TID 22, localhost, PROCESS_LOCAL, 1954 bytes)
20/04/09 11:57:51 INFO TaskSetManager: Starting task 1.0 in stage 11.0 (TID 23, localhost, PROCESS_LOCAL, 1954 bytes)
20/04/09 11:57:51 INFO Executor: Running task 1.0 in stage 11.0 (TID 23)
20/04/09 11:57:51 INFO Executor: Running task 0.0 in stage 11.0 (TID 22)
20/04/09 11:57:51 INFO ShuffleBlockFetcherIterator: Getting 2 non-empty blocks out of 2 blocks
20/04/09 11:57:51 INFO ShuffleBlockFetcherIterator: Started 0 remote fetches in 1 ms
20/04/09 11:57:51 INFO ShuffleBlockFetcherIterator: Getting 2 non-empty blocks out of 2 blocks
20/04/09 11:57:51 INFO ShuffleBlockFetcherIterator: Started 0 remote fetches in 0 ms
20/04/09 11:57:51 INFO Executor: Finished task 1.0 in stage 11.0 (TID 23). 1349 bytes result sent to driver
20/04/09 11:57:51 INFO TaskSetManager: Finished task 1.0 in stage 11.0 (TID 23) in 8 ms on localhost (1/2)
20/04/09 11:57:51 INFO Executor: Finished task 0.0 in stage 11.0 (TID 22). 1354 bytes result sent to driver
20/04/09 11:57:51 INFO TaskSetManager: Finished task 0.0 in stage 11.0 (TID 22) in 10 ms on localhost (2/2)
20/04/09 11:57:51 INFO TaskSchedulerImpl: Removed TaskSet 11.0, whose tasks have all completed, from pool 
20/04/09 11:57:51 INFO DAGScheduler: ResultStage 11 (sortByKey at Graph.scala:26) finished in 0.001 s
20/04/09 11:57:51 INFO DAGScheduler: Job 0 finished: sortByKey at Graph.scala:26, took 4.194262 s
20/04/09 11:57:51 INFO SparkContext: Starting job: collect at Graph.scala:26
20/04/09 11:57:51 INFO MapOutputTrackerMaster: Size of output statuses for shuffle 10 is 155 bytes
20/04/09 11:57:51 INFO MapOutputTrackerMaster: Size of output statuses for shuffle 0 is 155 bytes
20/04/09 11:57:51 INFO MapOutputTrackerMaster: Size of output statuses for shuffle 9 is 152 bytes
20/04/09 11:57:51 INFO MapOutputTrackerMaster: Size of output statuses for shuffle 1 is 155 bytes
20/04/09 11:57:51 INFO MapOutputTrackerMaster: Size of output statuses for shuffle 8 is 152 bytes
20/04/09 11:57:51 INFO MapOutputTrackerMaster: Size of output statuses for shuffle 2 is 155 bytes
20/04/09 11:57:51 INFO MapOutputTrackerMaster: Size of output statuses for shuffle 7 is 152 bytes
20/04/09 11:57:51 INFO MapOutputTrackerMaster: Size of output statuses for shuffle 3 is 155 bytes
20/04/09 11:57:51 INFO MapOutputTrackerMaster: Size of output statuses for shuffle 6 is 152 bytes
20/04/09 11:57:51 INFO MapOutputTrackerMaster: Size of output statuses for shuffle 4 is 155 bytes
20/04/09 11:57:51 INFO MapOutputTrackerMaster: Size of output statuses for shuffle 5 is 152 bytes
20/04/09 11:57:51 INFO DAGScheduler: Registering RDD 35 (reduceByKey at Graph.scala:26)
20/04/09 11:57:51 INFO DAGScheduler: Got job 1 (collect at Graph.scala:26) with 2 output partitions
20/04/09 11:57:51 INFO DAGScheduler: Final stage: ResultStage 24(collect at Graph.scala:26)
20/04/09 11:57:51 INFO DAGScheduler: Parents of final stage: List(ShuffleMapStage 23)
20/04/09 11:57:51 INFO DAGScheduler: Missing parents: List(ShuffleMapStage 23)
20/04/09 11:57:51 INFO DAGScheduler: Submitting ShuffleMapStage 23 (ShuffledRDD[35] at reduceByKey at Graph.scala:26), which has no missing parents
20/04/09 11:57:51 INFO MemoryStore: ensureFreeSpace(2656) called with curMem=200652, maxMem=555755765
20/04/09 11:57:51 INFO MemoryStore: Block broadcast_13 stored as values in memory (estimated size 2.6 KB, free 529.8 MB)
20/04/09 11:57:51 INFO MemoryStore: ensureFreeSpace(1605) called with curMem=203308, maxMem=555755765
20/04/09 11:57:51 INFO MemoryStore: Block broadcast_13_piece0 stored as bytes in memory (estimated size 1605.0 B, free 529.8 MB)
20/04/09 11:57:51 INFO BlockManagerInfo: Added broadcast_13_piece0 in memory on localhost:42195 (size: 1605.0 B, free: 530.0 MB)
20/04/09 11:57:51 INFO SparkContext: Created broadcast 13 from broadcast at DAGScheduler.scala:861
20/04/09 11:57:51 INFO DAGScheduler: Submitting 2 missing tasks from ShuffleMapStage 23 (ShuffledRDD[35] at reduceByKey at Graph.scala:26)
20/04/09 11:57:51 INFO TaskSchedulerImpl: Adding task set 23.0 with 2 tasks
20/04/09 11:57:51 INFO TaskSetManager: Starting task 0.0 in stage 23.0 (TID 24, localhost, PROCESS_LOCAL, 1943 bytes)
20/04/09 11:57:51 INFO TaskSetManager: Starting task 1.0 in stage 23.0 (TID 25, localhost, PROCESS_LOCAL, 1943 bytes)
20/04/09 11:57:51 INFO Executor: Running task 0.0 in stage 23.0 (TID 24)
20/04/09 11:57:51 INFO Executor: Running task 1.0 in stage 23.0 (TID 25)
20/04/09 11:57:51 INFO ShuffleBlockFetcherIterator: Getting 2 non-empty blocks out of 2 blocks
20/04/09 11:57:51 INFO ShuffleBlockFetcherIterator: Started 0 remote fetches in 0 ms
20/04/09 11:57:51 INFO Executor: Finished task 0.0 in stage 23.0 (TID 24). 1375 bytes result sent to driver
20/04/09 11:57:51 INFO ShuffleBlockFetcherIterator: Getting 2 non-empty blocks out of 2 blocks
20/04/09 11:57:51 INFO ShuffleBlockFetcherIterator: Started 0 remote fetches in 0 ms
20/04/09 11:57:51 INFO Executor: Finished task 1.0 in stage 23.0 (TID 25). 1375 bytes result sent to driver
20/04/09 11:57:51 INFO TaskSetManager: Finished task 0.0 in stage 23.0 (TID 24) in 10 ms on localhost (1/2)
20/04/09 11:57:51 INFO TaskSetManager: Finished task 1.0 in stage 23.0 (TID 25) in 11 ms on localhost (2/2)
20/04/09 11:57:51 INFO TaskSchedulerImpl: Removed TaskSet 23.0, whose tasks have all completed, from pool 
20/04/09 11:57:51 INFO DAGScheduler: ShuffleMapStage 23 (reduceByKey at Graph.scala:26) finished in 0.004 s
20/04/09 11:57:51 INFO DAGScheduler: looking for newly runnable stages
20/04/09 11:57:51 INFO DAGScheduler: running: Set()
20/04/09 11:57:51 INFO DAGScheduler: waiting: Set(ResultStage 24)
20/04/09 11:57:51 INFO DAGScheduler: failed: Set()
20/04/09 11:57:51 INFO DAGScheduler: Missing parents for ResultStage 24: List()
20/04/09 11:57:51 INFO DAGScheduler: Submitting ResultStage 24 (ShuffledRDD[38] at sortByKey at Graph.scala:26), which is now runnable
20/04/09 11:57:51 INFO MemoryStore: ensureFreeSpace(2568) called with curMem=204913, maxMem=555755765
20/04/09 11:57:51 INFO MemoryStore: Block broadcast_14 stored as values in memory (estimated size 2.5 KB, free 529.8 MB)
20/04/09 11:57:51 INFO MemoryStore: ensureFreeSpace(1520) called with curMem=207481, maxMem=555755765
20/04/09 11:57:51 INFO MemoryStore: Block broadcast_14_piece0 stored as bytes in memory (estimated size 1520.0 B, free 529.8 MB)
20/04/09 11:57:51 INFO BlockManagerInfo: Added broadcast_14_piece0 in memory on localhost:42195 (size: 1520.0 B, free: 530.0 MB)
20/04/09 11:57:51 INFO SparkContext: Created broadcast 14 from broadcast at DAGScheduler.scala:861
20/04/09 11:57:51 INFO DAGScheduler: Submitting 2 missing tasks from ResultStage 24 (ShuffledRDD[38] at sortByKey at Graph.scala:26)
20/04/09 11:57:51 INFO TaskSchedulerImpl: Adding task set 24.0 with 2 tasks
20/04/09 11:57:51 INFO TaskSetManager: Starting task 0.0 in stage 24.0 (TID 26, localhost, PROCESS_LOCAL, 1954 bytes)
20/04/09 11:57:51 INFO TaskSetManager: Starting task 1.0 in stage 24.0 (TID 27, localhost, PROCESS_LOCAL, 1954 bytes)
20/04/09 11:57:51 INFO Executor: Running task 0.0 in stage 24.0 (TID 26)
20/04/09 11:57:51 INFO ShuffleBlockFetcherIterator: Getting 2 non-empty blocks out of 2 blocks
20/04/09 11:57:51 INFO ShuffleBlockFetcherIterator: Started 0 remote fetches in 0 ms
20/04/09 11:57:51 INFO Executor: Running task 1.0 in stage 24.0 (TID 27)
20/04/09 11:57:51 INFO Executor: Finished task 0.0 in stage 24.0 (TID 26). 1387 bytes result sent to driver
20/04/09 11:57:51 INFO ShuffleBlockFetcherIterator: Getting 2 non-empty blocks out of 2 blocks
20/04/09 11:57:51 INFO ShuffleBlockFetcherIterator: Started 0 remote fetches in 0 ms
20/04/09 11:57:51 INFO Executor: Finished task 1.0 in stage 24.0 (TID 27). 1161 bytes result sent to driver
20/04/09 11:57:51 INFO TaskSetManager: Finished task 0.0 in stage 24.0 (TID 26) in 11 ms on localhost (1/2)
20/04/09 11:57:51 INFO TaskSetManager: Finished task 1.0 in stage 24.0 (TID 27) in 12 ms on localhost (2/2)
20/04/09 11:57:51 INFO TaskSchedulerImpl: Removed TaskSet 24.0, whose tasks have all completed, from pool 
20/04/09 11:57:51 INFO DAGScheduler: ResultStage 24 (collect at Graph.scala:26) finished in 0.003 s
20/04/09 11:57:51 INFO DAGScheduler: Job 1 finished: collect at Graph.scala:26, took 0.094585 s
(0,3)
(1,7)
20/04/09 11:57:51 INFO SparkContext: Invoking stop() from shutdown hook
20/04/09 11:57:51 INFO SparkUI: Stopped Spark web UI at http://198.202.116.162:4040
20/04/09 11:57:51 INFO DAGScheduler: Stopping DAGScheduler
20/04/09 11:57:51 INFO MapOutputTrackerMasterEndpoint: MapOutputTrackerMasterEndpoint stopped!
20/04/09 11:57:51 INFO MemoryStore: MemoryStore cleared
20/04/09 11:57:51 INFO BlockManager: BlockManager stopped
20/04/09 11:57:51 INFO BlockManagerMaster: BlockManagerMaster stopped
20/04/09 11:57:51 INFO OutputCommitCoordinator$OutputCommitCoordinatorEndpoint: OutputCommitCoordinator stopped!
20/04/09 11:57:51 INFO RemoteActorRefProvider$RemotingTerminator: Shutting down remote daemon.
20/04/09 11:57:51 INFO RemoteActorRefProvider$RemotingTerminator: Remote daemon shut down; proceeding with flushing remote transports.
20/04/09 11:57:51 INFO SparkContext: Successfully stopped SparkContext
20/04/09 11:57:51 INFO ShutdownHookManager: Shutdown hook called
20/04/09 11:57:51 INFO ShutdownHookManager: Deleting directory /tmp/spark-cd61495f-1670-4086-94e2-7b521372b3ca
